This file contains any messages produced by compilers while
running configure, to aid debugging if configure makes a mistake.

It was created by configure, which was
generated by GNU Autoconf 2.61.  Invocation command line was

  $ ./configure --prefix=/usr/local/mmseg3

## --------- ##
## Platform. ##
## --------- ##

hostname = huacnlee-mac.local
uname -m = x86_64
uname -r = 10.5.0
uname -s = Darwin
uname -v = Darwin Kernel Version 10.5.0: Fri Nov  5 23:19:13 PDT 2010; root:xnu-1504.9.17~1/RELEASE_X86_64

/usr/bin/uname -p = i386
/bin/uname -X     = unknown

/bin/arch              = unknown
/usr/bin/arch -k       = unknown
/usr/convex/getsysinfo = unknown
/usr/bin/hostinfo      = Mach kernel version:
	 Darwin Kernel Version 10.5.0: Fri Nov  5 23:19:13 PDT 2010; root:xnu-1504.9.17~1/RELEASE_X86_64
Kernel configured for up to 2 processors.
2 processors are physically available.
2 processors are logically available.
Processor type: i486 (Intel 80486)
Processors active: 0 1
Primary memory available: 4.00 gigabytes
Default processor set: 95 tasks, 382 threads, 2 processors
Load average: 0.50, Mach factor: 1.49
/bin/machine           = unknown
/usr/bin/oslevel       = unknown
/bin/universe          = unknown

PATH: /Users/jason/.rvm/gems/ruby-1.9.2-p0/bin
PATH: /Users/jason/.rvm/gems/ruby-1.9.2-p0@global/bin
PATH: /Users/jason/.rvm/rubies/ruby-1.9.2-p0/bin
PATH: /Users/jason/.rvm/bin
PATH: /usr/bin
PATH: /bin
PATH: /usr/sbin
PATH: /sbin
PATH: /usr/local/bin
PATH: /usr/local/git/bin
PATH: /usr/X11/bin
PATH: /opt/local/bin
PATH: /usr/local/sbin
PATH: /opt/local/sbin
PATH: /usr/local/mysql/bin


## ----------- ##
## Core tests. ##
## ----------- ##

configure:1969: checking for a BSD-compatible install
configure:2025: result: /usr/bin/install -c
configure:2036: checking whether build environment is sane
configure:2079: result: yes
configure:2103: WARNING: `missing' script is too old or missing
configure:2107: checking for a thread-safe mkdir -p
configure:2146: result: config/install-sh -c -d
configure:2159: checking for gawk
configure:2189: result: no
configure:2159: checking for mawk
configure:2189: result: no
configure:2159: checking for nawk
configure:2189: result: no
configure:2159: checking for awk
configure:2175: found /usr/bin/awk
configure:2186: result: awk
configure:2197: checking whether make sets $(MAKE)
configure:2218: result: yes
configure:2466: checking for g++
configure:2482: found /usr/bin/g++
configure:2493: result: g++
configure:2524: checking for C++ compiler version
configure:2531: g++ --version >&5
i686-apple-darwin10-g++-4.2.1 (GCC) 4.2.1 (Apple Inc. build 5659)
Copyright (C) 2007 Free Software Foundation, Inc.
This is free software; see the source for copying conditions.  There is NO
warranty; not even for MERCHANTABILITY or FITNESS FOR A PARTICULAR PURPOSE.

configure:2534: $? = 0
configure:2541: g++ -v >&5
Using built-in specs.
Target: i686-apple-darwin10
Configured with: /var/tmp/gcc/gcc-5659~1/src/configure --disable-checking --enable-werror --prefix=/usr --mandir=/share/man --enable-languages=c,objc,c++,obj-c++ --program-transform-name=/^[cg][^.-]*$/s/$/-4.2/ --with-slibdir=/usr/lib --build=i686-apple-darwin10 --program-prefix=i686-apple-darwin10- --host=x86_64-apple-darwin10 --target=i686-apple-darwin10 --with-gxx-include-dir=/include/c++/4.2.1
Thread model: posix
gcc version 4.2.1 (Apple Inc. build 5659)
configure:2544: $? = 0
configure:2551: g++ -V >&5
g++-4.2: argument to `-V' is missing
configure:2554: $? = 1
configure:2577: checking for C++ compiler default output file name
configure:2604: g++    conftest.cpp  >&5
configure:2607: $? = 0
configure:2645: result: a.out
configure:2662: checking whether the C++ compiler works
configure:2672: ./a.out
configure:2675: $? = 0
configure:2692: result: yes
configure:2699: checking whether we are cross compiling
configure:2701: result: no
configure:2704: checking for suffix of executables
configure:2711: g++ -o conftest    conftest.cpp  >&5
configure:2714: $? = 0
configure:2738: result: 
configure:2744: checking for suffix of object files
configure:2770: g++ -c   conftest.cpp >&5
configure:2773: $? = 0
configure:2796: result: o
configure:2800: checking whether we are using the GNU C++ compiler
configure:2829: g++ -c   conftest.cpp >&5
configure:2835: $? = 0
configure:2852: result: yes
configure:2857: checking whether g++ accepts -g
configure:2887: g++ -c -g  conftest.cpp >&5
configure:2893: $? = 0
configure:2992: result: yes
configure:3026: checking for style of include used by make
configure:3054: result: GNU
configure:3079: checking dependency style of g++
configure:3170: result: gcc3
configure:3233: checking for gcc
configure:3249: found /usr/bin/gcc
configure:3260: result: gcc
configure:3498: checking for C compiler version
configure:3505: gcc --version >&5
i686-apple-darwin10-gcc-4.2.1 (GCC) 4.2.1 (Apple Inc. build 5659)
Copyright (C) 2007 Free Software Foundation, Inc.
This is free software; see the source for copying conditions.  There is NO
warranty; not even for MERCHANTABILITY or FITNESS FOR A PARTICULAR PURPOSE.

configure:3508: $? = 0
configure:3515: gcc -v >&5
Using built-in specs.
Target: i686-apple-darwin10
Configured with: /var/tmp/gcc/gcc-5659~1/src/configure --disable-checking --enable-werror --prefix=/usr --mandir=/share/man --enable-languages=c,objc,c++,obj-c++ --program-transform-name=/^[cg][^.-]*$/s/$/-4.2/ --with-slibdir=/usr/lib --build=i686-apple-darwin10 --program-prefix=i686-apple-darwin10- --host=x86_64-apple-darwin10 --target=i686-apple-darwin10 --with-gxx-include-dir=/include/c++/4.2.1
Thread model: posix
gcc version 4.2.1 (Apple Inc. build 5659)
configure:3518: $? = 0
configure:3525: gcc -V >&5
gcc-4.2: argument to `-V' is missing
configure:3528: $? = 1
configure:3531: checking whether we are using the GNU C compiler
configure:3560: gcc -c   conftest.c >&5
configure:3566: $? = 0
configure:3583: result: yes
configure:3588: checking whether gcc accepts -g
configure:3618: gcc -c -g  conftest.c >&5
configure:3624: $? = 0
configure:3723: result: yes
configure:3740: checking for gcc option to accept ISO C89
configure:3814: gcc  -c -g -O2  conftest.c >&5
configure:3820: $? = 0
configure:3843: result: none needed
configure:3863: checking dependency style of gcc
configure:3954: result: gcc3
configure:4003: checking build system type
configure:4021: result: i686-apple-darwin10.5.0
configure:4043: checking host system type
configure:4058: result: i686-apple-darwin10.5.0
configure:4080: checking for a sed that does not truncate output
configure:4159: result: /usr/bin/sed
configure:4177: checking for grep that handles long lines and -e
configure:4251: result: /usr/bin/grep
configure:4256: checking for egrep
configure:4334: result: /usr/bin/grep -E
configure:4339: checking for fgrep
configure:4417: result: /usr/bin/grep -F
configure:4452: checking for ld used by gcc
configure:4519: result: /usr/libexec/gcc/i686-apple-darwin10/4.2.1/ld
configure:4528: checking if the linker (/usr/libexec/gcc/i686-apple-darwin10/4.2.1/ld) is GNU ld
configure:4543: result: no
configure:4555: checking for BSD- or MS-compatible name lister (nm)
configure:4604: result: /usr/bin/nm
configure:4726: checking the name lister (/usr/bin/nm) interface
configure:4733: gcc -c -g -O2  conftest.c >&5
configure:4736: /usr/bin/nm "conftest.o"
configure:4739: output
000000000000019c D _some_variable
configure:4746: result: BSD nm
configure:4749: checking whether ln -s works
configure:4753: result: yes
configure:4761: checking the maximum length of command line arguments
configure:4881: result: 196608
configure:4898: checking whether the shell understands some XSI constructs
configure:4908: result: yes
configure:4912: checking whether the shell understands "+="
configure:4918: result: yes
configure:4953: checking for /usr/libexec/gcc/i686-apple-darwin10/4.2.1/ld option to reload object files
configure:4960: result: -r
configure:4987: checking how to recognize dependent libraries
configure:5177: result: pass_all
configure:5237: checking for ar
configure:5253: found /usr/bin/ar
configure:5264: result: ar
configure:5346: checking for strip
configure:5362: found /usr/bin/strip
configure:5373: result: strip
configure:5449: checking for ranlib
configure:5465: found /usr/bin/ranlib
configure:5476: result: ranlib
configure:5570: checking command to parse /usr/bin/nm output from gcc object
configure:5688: gcc -c -g -O2  conftest.c >&5
configure:5691: $? = 0
configure:5695: /usr/bin/nm conftest.o \| sed -n -e 's/^.*[	 ]\([BCDEGRST][BCDEGRST]*\)[	 ][	 ]*\([_A-Za-z][_A-Za-z0-9]*\)$/\1 \2 \2/p' \> conftest.nm
configure:5698: $? = 0
cannot find nm_test_var in conftest.nm
configure:5688: gcc -c -g -O2  conftest.c >&5
configure:5691: $? = 0
configure:5695: /usr/bin/nm conftest.o \| sed -n -e 's/^.*[	 ]\([BCDEGRST][BCDEGRST]*\)[	 ][	 ]*_\([_A-Za-z][_A-Za-z0-9]*\)$/\1 _\2 \2/p' \> conftest.nm
configure:5698: $? = 0
configure:5752: gcc -o conftest -g -O2   conftest.c conftstm.o >&5
configure:5755: $? = 0
configure:5793: result: ok
configure:6083: checking for dsymutil
configure:6099: found /usr/bin/dsymutil
configure:6110: result: dsymutil
configure:6179: checking for nmedit
configure:6195: found /usr/bin/nmedit
configure:6206: result: nmedit
configure:6275: checking for lipo
configure:6291: found /usr/bin/lipo
configure:6302: result: lipo
configure:6371: checking for otool
configure:6387: found /usr/bin/otool
configure:6398: result: otool
configure:6467: checking for otool64
configure:6497: result: no
configure:6546: checking for -single_module linker flag
gcc -g -O2  -o libconftest.dylib -dynamiclib -Wl,-single_module conftest.c
configure:6573: result: yes
configure:6575: checking for -exported_symbols_list linker flag
configure:6605: gcc -o conftest -g -O2   -Wl,-exported_symbols_list,conftest.sym conftest.c  >&5
configure:6611: $? = 0
configure:6630: result: yes
configure:6672: checking how to run the C preprocessor
configure:6712: gcc -E  conftest.c
configure:6718: $? = 0
configure:6749: gcc -E  conftest.c
conftest.c:10:28: error: ac_nonexistent.h: No such file or directory
configure:6755: $? = 1
configure: failed program was:
| /* confdefs.h.  */
| #define PACKAGE_NAME ""
| #define PACKAGE_TARNAME ""
| #define PACKAGE_VERSION ""
| #define PACKAGE_STRING ""
| #define PACKAGE_BUGREPORT ""
| #define PACKAGE "mmseg"
| #define VERSION "0.7"
| /* end confdefs.h.  */
| #include <ac_nonexistent.h>
configure:6788: result: gcc -E
configure:6817: gcc -E  conftest.c
configure:6823: $? = 0
configure:6854: gcc -E  conftest.c
conftest.c:10:28: error: ac_nonexistent.h: No such file or directory
configure:6860: $? = 1
configure: failed program was:
| /* confdefs.h.  */
| #define PACKAGE_NAME ""
| #define PACKAGE_TARNAME ""
| #define PACKAGE_VERSION ""
| #define PACKAGE_STRING ""
| #define PACKAGE_BUGREPORT ""
| #define PACKAGE "mmseg"
| #define VERSION "0.7"
| /* end confdefs.h.  */
| #include <ac_nonexistent.h>
configure:6898: checking for ANSI C header files
configure:6928: gcc -c -g -O2  conftest.c >&5
configure:6934: $? = 0
configure:7033: gcc -o conftest -g -O2   conftest.c  >&5
configure:7036: $? = 0
configure:7042: ./conftest
configure:7045: $? = 0
configure:7062: result: yes
configure:7086: checking for sys/types.h
configure:7107: gcc -c -g -O2  conftest.c >&5
configure:7113: $? = 0
configure:7129: result: yes
configure:7086: checking for sys/stat.h
configure:7107: gcc -c -g -O2  conftest.c >&5
configure:7113: $? = 0
configure:7129: result: yes
configure:7086: checking for stdlib.h
configure:7107: gcc -c -g -O2  conftest.c >&5
configure:7113: $? = 0
configure:7129: result: yes
configure:7086: checking for string.h
configure:7107: gcc -c -g -O2  conftest.c >&5
configure:7113: $? = 0
configure:7129: result: yes
configure:7086: checking for memory.h
configure:7107: gcc -c -g -O2  conftest.c >&5
configure:7113: $? = 0
configure:7129: result: yes
configure:7086: checking for strings.h
configure:7107: gcc -c -g -O2  conftest.c >&5
configure:7113: $? = 0
configure:7129: result: yes
configure:7086: checking for inttypes.h
configure:7107: gcc -c -g -O2  conftest.c >&5
configure:7113: $? = 0
configure:7129: result: yes
configure:7086: checking for stdint.h
configure:7107: gcc -c -g -O2  conftest.c >&5
configure:7113: $? = 0
configure:7129: result: yes
configure:7086: checking for unistd.h
configure:7107: gcc -c -g -O2  conftest.c >&5
configure:7113: $? = 0
configure:7129: result: yes
configure:7145: checking for dlfcn.h
configure:7166: gcc -c -g -O2  conftest.c >&5
configure:7172: $? = 0
configure:7188: result: yes
configure:7317: checking for C++ compiler version
configure:7324: g++ --version >&5
i686-apple-darwin10-g++-4.2.1 (GCC) 4.2.1 (Apple Inc. build 5659)
Copyright (C) 2007 Free Software Foundation, Inc.
This is free software; see the source for copying conditions.  There is NO
warranty; not even for MERCHANTABILITY or FITNESS FOR A PARTICULAR PURPOSE.

configure:7327: $? = 0
configure:7334: g++ -v >&5
Using built-in specs.
Target: i686-apple-darwin10
Configured with: /var/tmp/gcc/gcc-5659~1/src/configure --disable-checking --enable-werror --prefix=/usr --mandir=/share/man --enable-languages=c,objc,c++,obj-c++ --program-transform-name=/^[cg][^.-]*$/s/$/-4.2/ --with-slibdir=/usr/lib --build=i686-apple-darwin10 --program-prefix=i686-apple-darwin10- --host=x86_64-apple-darwin10 --target=i686-apple-darwin10 --with-gxx-include-dir=/include/c++/4.2.1
Thread model: posix
gcc version 4.2.1 (Apple Inc. build 5659)
configure:7337: $? = 0
configure:7344: g++ -V >&5
g++-4.2: argument to `-V' is missing
configure:7347: $? = 1
configure:7350: checking whether we are using the GNU C++ compiler
configure:7402: result: yes
configure:7407: checking whether g++ accepts -g
configure:7542: result: yes
configure:7567: checking dependency style of g++
configure:7658: result: gcc3
configure:7681: checking how to run the C++ preprocessor
configure:7717: g++ -E  conftest.cpp
configure:7723: $? = 0
configure:7754: g++ -E  conftest.cpp
conftest.cpp:21:28: error: ac_nonexistent.h: No such file or directory
configure:7760: $? = 1
configure: failed program was:
| /* confdefs.h.  */
| #define PACKAGE_NAME ""
| #define PACKAGE_TARNAME ""
| #define PACKAGE_VERSION ""
| #define PACKAGE_STRING ""
| #define PACKAGE_BUGREPORT ""
| #define PACKAGE "mmseg"
| #define VERSION "0.7"
| #define STDC_HEADERS 1
| #define HAVE_SYS_TYPES_H 1
| #define HAVE_SYS_STAT_H 1
| #define HAVE_STDLIB_H 1
| #define HAVE_STRING_H 1
| #define HAVE_MEMORY_H 1
| #define HAVE_STRINGS_H 1
| #define HAVE_INTTYPES_H 1
| #define HAVE_STDINT_H 1
| #define HAVE_UNISTD_H 1
| #define HAVE_DLFCN_H 1
| /* end confdefs.h.  */
| #include <ac_nonexistent.h>
configure:7793: result: g++ -E
configure:7822: g++ -E  conftest.cpp
configure:7828: $? = 0
configure:7859: g++ -E  conftest.cpp
conftest.cpp:21:28: error: ac_nonexistent.h: No such file or directory
configure:7865: $? = 1
configure: failed program was:
| /* confdefs.h.  */
| #define PACKAGE_NAME ""
| #define PACKAGE_TARNAME ""
| #define PACKAGE_VERSION ""
| #define PACKAGE_STRING ""
| #define PACKAGE_BUGREPORT ""
| #define PACKAGE "mmseg"
| #define VERSION "0.7"
| #define STDC_HEADERS 1
| #define HAVE_SYS_TYPES_H 1
| #define HAVE_SYS_STAT_H 1
| #define HAVE_STDLIB_H 1
| #define HAVE_STRING_H 1
| #define HAVE_MEMORY_H 1
| #define HAVE_STRINGS_H 1
| #define HAVE_INTTYPES_H 1
| #define HAVE_STDINT_H 1
| #define HAVE_UNISTD_H 1
| #define HAVE_DLFCN_H 1
| /* end confdefs.h.  */
| #include <ac_nonexistent.h>
configure:8077: checking for objdir
configure:8092: result: .libs
configure:8384: checking if gcc supports -fno-rtti -fno-exceptions
configure:8402: gcc -c -g -O2  -fno-rtti -fno-exceptions conftest.c >&5
cc1: warning: command line option "-fno-rtti" is valid for C++/ObjC++ but not for C
configure:8406: $? = 0
configure:8419: result: no
configure:8439: checking for gcc option to produce PIC
configure:8696: result: -fno-common -DPIC
configure:8708: checking if gcc PIC flag -fno-common -DPIC works
configure:8726: gcc -c -g -O2  -fno-common -DPIC -DPIC conftest.c >&5
configure:8730: $? = 0
configure:8743: result: yes
configure:8767: checking if gcc static flag -static works
configure:8795: result: no
configure:8810: checking if gcc supports -c -o file.o
configure:8831: gcc -c -g -O2  -o out/conftest2.o conftest.c >&5
configure:8835: $? = 0
configure:8857: result: yes
configure:8865: checking if gcc supports -c -o file.o
configure:8912: result: yes
configure:8945: checking whether the gcc linker (/usr/libexec/gcc/i686-apple-darwin10/4.2.1/ld) supports shared libraries
configure:9999: result: yes
configure:10238: checking dynamic linker characteristics
configure:10917: result: darwin10.5.0 dyld
configure:11019: checking how to hardcode library paths into programs
configure:11044: result: immediate
configure:11857: checking whether stripping libraries is possible
configure:11871: result: yes
configure:11897: checking if libtool supports shared libraries
configure:11899: result: yes
configure:11902: checking whether to build shared libraries
configure:11923: result: yes
configure:11926: checking whether to build static libraries
configure:11930: result: yes
configure:12080: checking for ld used by g++
configure:12147: result: /usr/libexec/gcc/i686-apple-darwin10/4.2.1/ld
configure:12156: checking if the linker (/usr/libexec/gcc/i686-apple-darwin10/4.2.1/ld) is GNU ld
configure:12171: result: no
configure:12226: checking whether the g++ linker (/usr/libexec/gcc/i686-apple-darwin10/4.2.1/ld) supports shared libraries
configure:13188: result: yes
configure:13216: g++ -c -g -O2  conftest.cpp >&5
configure:13219: $? = 0
configure:13401: checking for g++ option to produce PIC
configure:13710: result: -fno-common -DPIC
configure:13719: checking if g++ PIC flag -fno-common -DPIC works
configure:13737: g++ -c -g -O2  -fno-common -DPIC -DPIC conftest.cpp >&5
configure:13741: $? = 0
configure:13754: result: yes
configure:13775: checking if g++ static flag -static works
configure:13803: result: no
configure:13815: checking if g++ supports -c -o file.o
configure:13836: g++ -c -g -O2  -o out/conftest2.o conftest.cpp >&5
configure:13840: $? = 0
configure:13862: result: yes
configure:13867: checking if g++ supports -c -o file.o
configure:13914: result: yes
configure:13944: checking whether the g++ linker (/usr/libexec/gcc/i686-apple-darwin10/4.2.1/ld) supports shared libraries
configure:13970: result: yes
configure:14107: checking dynamic linker characteristics
configure:14734: result: darwin10.5.0 dyld
configure:14785: checking how to hardcode library paths into programs
configure:14810: result: immediate
configure:14869: checking for ANSI C header files
configure:15033: result: yes
configure:15043: checking for sys/wait.h that is POSIX.1 compatible
configure:15079: gcc -c -g -O2  conftest.c >&5
configure:15085: $? = 0
configure:15100: result: yes
configure:15118: checking for stdlib.h
configure:15124: result: yes
configure:15118: checking for unistd.h
configure:15124: result: yes
configure:15128: checking errno.h usability
configure:15145: gcc -c -g -O2  conftest.c >&5
configure:15151: $? = 0
configure:15165: result: yes
configure:15169: checking errno.h presence
configure:15184: gcc -E  conftest.c
configure:15190: $? = 0
configure:15204: result: yes
configure:15232: checking for errno.h
configure:15240: result: yes
configure:15128: checking assert.h usability
configure:15145: gcc -c -g -O2  conftest.c >&5
configure:15151: $? = 0
configure:15165: result: yes
configure:15169: checking assert.h presence
configure:15184: gcc -E  conftest.c
configure:15190: $? = 0
configure:15204: result: yes
configure:15232: checking for assert.h
configure:15240: result: yes
configure:15259: checking for string.h
configure:15265: result: yes
configure:15703: checking stdarg.h usability
configure:15720: gcc -c -g -O2  conftest.c >&5
configure:15726: $? = 0
configure:15740: result: yes
configure:15744: checking stdarg.h presence
configure:15759: gcc -E  conftest.c
configure:15765: $? = 0
configure:15779: result: yes
configure:15807: checking for stdarg.h
configure:15815: result: yes
configure:15841: checking for an ANSI C-conforming const
configure:15916: gcc -c -g -O2  conftest.c >&5
configure:15922: $? = 0
configure:15937: result: yes
configure:15947: checking for pid_t
configure:15977: gcc -c -g -O2  conftest.c >&5
configure:15983: $? = 0
configure:15998: result: yes
configure:16010: checking for size_t
configure:16040: gcc -c -g -O2  conftest.c >&5
configure:16046: $? = 0
configure:16061: result: yes
configure:16169: checking for sys_errlist
configure:16195: gcc -o conftest -g -O2   conftest.c  >&5
configure:16201: $? = 0
configure:16218: result: yes
configure:16227: checking for sys_siglist
configure:16253: gcc -o conftest -g -O2   conftest.c  >&5
configure:16259: $? = 0
configure:16276: result: yes
configure:16291: checking for bzero
configure:16347: gcc -o conftest -g -O2   conftest.c  >&5
conftest.c:55: warning: conflicting types for built-in function 'bzero'
configure:16353: $? = 0
configure:16371: result: yes
configure:16387: checking for calloc
configure:16443: gcc -o conftest -g -O2   conftest.c  >&5
conftest.c:56: warning: conflicting types for built-in function 'calloc'
configure:16449: $? = 0
configure:16467: result: yes
configure:16387: checking for strchr
configure:16443: gcc -o conftest -g -O2   conftest.c  >&5
conftest.c:57: warning: conflicting types for built-in function 'strchr'
configure:16449: $? = 0
configure:16467: result: yes
configure:16387: checking for strrchr
configure:16443: gcc -o conftest -g -O2   conftest.c  >&5
conftest.c:58: warning: conflicting types for built-in function 'strrchr'
configure:16449: $? = 0
configure:16467: result: yes
configure:16487: checking for basename
configure:16543: gcc -o conftest -g -O2   conftest.c  >&5
configure:16549: $? = 0
configure:16567: result: yes
configure:16487: checking for strspn
configure:16543: gcc -o conftest -g -O2   conftest.c  >&5
conftest.c:60: warning: conflicting types for built-in function 'strspn'
configure:16549: $? = 0
configure:16567: result: yes
configure:16487: checking for strcspn
configure:16543: gcc -o conftest -g -O2   conftest.c  >&5
conftest.c:61: warning: conflicting types for built-in function 'strcspn'
configure:16549: $? = 0
configure:16567: result: yes
configure:16487: checking for strerror
configure:16543: gcc -o conftest -g -O2   conftest.c  >&5
configure:16549: $? = 0
configure:16567: result: yes
configure:16487: checking for strsignal
configure:16543: gcc -o conftest -g -O2   conftest.c  >&5
configure:16549: $? = 0
configure:16567: result: yes
configure:16487: checking for vfprintf
configure:16543: gcc -o conftest -g -O2   conftest.c  >&5
conftest.c:64: warning: conflicting types for built-in function 'vfprintf'
configure:16549: $? = 0
configure:16567: result: yes
configure:16487: checking for waitpid
configure:16543: gcc -o conftest -g -O2   conftest.c  >&5
configure:16549: $? = 0
configure:16567: result: yes
configure:16748: creating ./config.status

## ---------------------- ##
## Running config.status. ##
## ---------------------- ##

This file was extended by config.status, which was
generated by GNU Autoconf 2.61.  Invocation command line was

  CONFIG_FILES    = 
  CONFIG_HEADERS  = 
  CONFIG_LINKS    = 
  CONFIG_COMMANDS = 
  $ ./config.status 

on huacnlee-mac.local

config.status:936: creating Makefile
config.status:936: creating src/Makefile
config.status:936: creating config.h
config.status:1231: executing depfiles commands
config.status:1231: executing libtool commands
config.status:1231: executing default-1 commands
config.status:1231: executing default commands

## ---------------- ##
## Cache variables. ##
## ---------------- ##

ac_cv_build=i686-apple-darwin10.5.0
ac_cv_c_compiler_gnu=yes
ac_cv_c_const=yes
ac_cv_cxx_compiler_gnu=yes
ac_cv_env_CCC_set=
ac_cv_env_CCC_value=
ac_cv_env_CC_set=
ac_cv_env_CC_value=
ac_cv_env_CFLAGS_set=
ac_cv_env_CFLAGS_value=
ac_cv_env_CPPFLAGS_set=
ac_cv_env_CPPFLAGS_value=
ac_cv_env_CPP_set=
ac_cv_env_CPP_value=
ac_cv_env_CXXCPP_set=
ac_cv_env_CXXCPP_value=
ac_cv_env_CXXFLAGS_set=
ac_cv_env_CXXFLAGS_value=
ac_cv_env_CXX_set=
ac_cv_env_CXX_value=
ac_cv_env_LDFLAGS_set=
ac_cv_env_LDFLAGS_value=
ac_cv_env_LIBS_set=
ac_cv_env_LIBS_value=
ac_cv_env_build_alias_set=
ac_cv_env_build_alias_value=
ac_cv_env_host_alias_set=
ac_cv_env_host_alias_value=
ac_cv_env_target_alias_set=
ac_cv_env_target_alias_value=
ac_cv_func_basename=yes
ac_cv_func_bzero=yes
ac_cv_func_calloc=yes
ac_cv_func_strchr=yes
ac_cv_func_strcspn=yes
ac_cv_func_strerror=yes
ac_cv_func_strrchr=yes
ac_cv_func_strsignal=yes
ac_cv_func_strspn=yes
ac_cv_func_vfprintf=yes
ac_cv_func_waitpid=yes
ac_cv_header_assert_h=yes
ac_cv_header_dlfcn_h=yes
ac_cv_header_errno_h=yes
ac_cv_header_inttypes_h=yes
ac_cv_header_memory_h=yes
ac_cv_header_stdarg_h=yes
ac_cv_header_stdc=yes
ac_cv_header_stdint_h=yes
ac_cv_header_stdlib_h=yes
ac_cv_header_string_h=yes
ac_cv_header_strings_h=yes
ac_cv_header_sys_stat_h=yes
ac_cv_header_sys_types_h=yes
ac_cv_header_sys_wait_h=yes
ac_cv_header_unistd_h=yes
ac_cv_host=i686-apple-darwin10.5.0
ac_cv_objext=o
ac_cv_path_EGREP='/usr/bin/grep -E'
ac_cv_path_FGREP='/usr/bin/grep -F'
ac_cv_path_GREP=/usr/bin/grep
ac_cv_path_SED=/usr/bin/sed
ac_cv_path_install='/usr/bin/install -c'
ac_cv_prog_AWK=awk
ac_cv_prog_CPP='gcc -E'
ac_cv_prog_CXXCPP='g++ -E'
ac_cv_prog_ac_ct_AR=ar
ac_cv_prog_ac_ct_CC=gcc
ac_cv_prog_ac_ct_CXX=g++
ac_cv_prog_ac_ct_DSYMUTIL=dsymutil
ac_cv_prog_ac_ct_LIPO=lipo
ac_cv_prog_ac_ct_NMEDIT=nmedit
ac_cv_prog_ac_ct_OTOOL=otool
ac_cv_prog_ac_ct_RANLIB=ranlib
ac_cv_prog_ac_ct_STRIP=strip
ac_cv_prog_cc_c89=
ac_cv_prog_cc_g=yes
ac_cv_prog_cxx_g=yes
ac_cv_prog_make_make_set=yes
ac_cv_type_pid_t=yes
ac_cv_type_size_t=yes
am_cv_CC_dependencies_compiler_type=gcc3
am_cv_CXX_dependencies_compiler_type=gcc3
am_cv_prog_cc_stdc=
lt_cv_apple_cc_single_mod=yes
lt_cv_deplibs_check_method=pass_all
lt_cv_file_magic_cmd='$MAGIC_CMD'
lt_cv_file_magic_test_file=
lt_cv_ld_exported_symbols_list=yes
lt_cv_ld_reload_flag=-r
lt_cv_nm_interface='BSD nm'
lt_cv_objdir=.libs
lt_cv_path_LD=/usr/libexec/gcc/i686-apple-darwin10/4.2.1/ld
lt_cv_path_LDCXX=/usr/libexec/gcc/i686-apple-darwin10/4.2.1/ld
lt_cv_path_NM=/usr/bin/nm
lt_cv_prog_compiler_c_o=yes
lt_cv_prog_compiler_c_o_CXX=yes
lt_cv_prog_compiler_pic_works=yes
lt_cv_prog_compiler_pic_works_CXX=yes
lt_cv_prog_compiler_rtti_exceptions=no
lt_cv_prog_compiler_static_works=no
lt_cv_prog_compiler_static_works_CXX=no
lt_cv_prog_gnu_ld=no
lt_cv_prog_gnu_ldcxx=no
lt_cv_sys_global_symbol_pipe='sed -n -e '\''s/^.*[	 ]\([BCDEGRST][BCDEGRST]*\)[	 ][	 ]*_\([_A-Za-z][_A-Za-z0-9]*\)$/\1 _\2 \2/p'\'''
lt_cv_sys_global_symbol_to_c_name_address='sed -n -e '\''s/^: \([^ ]*\) $/  {\"\1\", (void *) 0},/p'\'' -e '\''s/^[BCDEGRST]* \([^ ]*\) \([^ ]*\)$/  {"\2", (void *) \&\2},/p'\'''
lt_cv_sys_global_symbol_to_c_name_address_lib_prefix='sed -n -e '\''s/^: \([^ ]*\) $/  {\"\1\", (void *) 0},/p'\'' -e '\''s/^[BCDEGRST]* \([^ ]*\) \(lib[^ ]*\)$/  {"\2", (void *) \&\2},/p'\'' -e '\''s/^[BCDEGRST]* \([^ ]*\) \([^ ]*\)$/  {"lib\2", (void *) \&\2},/p'\'''
lt_cv_sys_global_symbol_to_cdecl='sed -n -e '\''s/^T .* \(.*\)$/extern int \1();/p'\'' -e '\''s/^[BCDEGRST]* .* \(.*\)$/extern char \1;/p'\'''
lt_cv_sys_max_cmd_len=196608
sic_cv_var_sys_errlist=yes
sic_cv_var_sys_siglist=yes

## ----------------- ##
## Output variables. ##
## ----------------- ##

ACLOCAL='aclocal-1.10'
AMDEPBACKSLASH='\'
AMDEP_FALSE='#'
AMDEP_TRUE=''
AMTAR='tar'
AR='ar'
AUTOCONF='autoconf'
AUTOHEADER='autoheader'
AUTOMAKE='automake-1.10'
AWK='awk'
CC='gcc'
CCDEPMODE='depmode=gcc3'
CFLAGS='-g -O2'
CPP='gcc -E'
CPPFLAGS=''
CXX='g++'
CXXCPP='g++ -E'
CXXDEPMODE='depmode=gcc3'
CXXFLAGS='-g -O2'
CYGPATH_W='echo'
DEFS='-DHAVE_CONFIG_H'
DEPDIR='.deps'
DSYMUTIL='dsymutil'
DUMPBIN=''
ECHO_C='ECHO_N=''
ECHO_T=''
EGREP='/usr/bin/grep -E'
EXEEXT=''
FGREP='/usr/bin/grep -F'
GREP='/usr/bin/grep'
INSTALL_DATA='${INSTALL} -m 644'
INSTALL_PROGRAM='${INSTALL}'
INSTALL_SCRIPT='${INSTALL}'
INSTALL_STRIP_PROGRAM='$(install_sh) -c -s'
LD='/usr/libexec/gcc/i686-apple-darwin10/4.2.1/ld'
LDFLAGS=''
LIBOBJS=' ${LIBOBJDIR}$U.o'
LIBS=''
LIBTOOL='$(SHELL) $(top_builddir)/libtool'
LIPO='lipo'
LN_S='ln -s'
LTLIBOBJS=' ${LIBOBJDIR}$U.lo'
MAKEINFO='makeinfo'
NM='/usr/bin/nm'
NMEDIT='nmedit'
OBJEXT='o'
OTOOL64=':'
OTOOL='otool'
PACKAGE='mmseg'
PACKAGE_BUGREPORT=''
PACKAGE_NAME=''
PACKAGE_STRING=''
PACKAGE_TARNAME=''
PACKAGE_VERSION=''
PATH_SEPARATOR=':'
RANLIB='ranlib'
SED='/usr/bin/sed'
SET_MAKE=''
SHELL='/bin/sh'
STRIP='strip'
VERSION='0.7'
WITH_READLINE_FALSE=''
WITH_READLINE_TRUE='#'
ac_aux_dir='config'
ac_ct_CC='gcc'
ac_ct_CXX='g++'
ac_ct_DUMPBIN=''
am__fastdepCC_FALSE='#'
am__fastdepCC_TRUE=''
am__fastdepCXX_FALSE='#'
am__fastdepCXX_TRUE=''
am__include='include'
am__isrc=''
am__leading_dot='.'
am__quote=''
am__tar='${AMTAR} chof - "$$tardir"'
am__untar='${AMTAR} xf -'
bindir='${exec_prefix}/bin'
build='i686-apple-darwin10.5.0'
build_alias=''
build_cpu='i686'
build_os='darwin10.5.0'
build_vendor='apple'
datadir='${datarootdir}'
datarootdir='${prefix}/share'
docdir='${datarootdir}/doc/${PACKAGE}'
dvidir='${docdir}'
exec_prefix='${prefix}'
host='i686-apple-darwin10.5.0'
host_alias=''
host_cpu='i686'
host_os='darwin10.5.0'
host_vendor='apple'
htmldir='${docdir}'
includedir='${prefix}/include'
infodir='${datarootdir}/info'
install_sh='$(SHELL) /Users/jason/work/loofang/packages/coreseek-3.2.13/mmseg-3.2.13/config/install-sh'
libdir='${exec_prefix}/lib'
libexecdir='${exec_prefix}/libexec'
localedir='${datarootdir}/locale'
localstatedir='${prefix}/var'
lt_ECHO='/bin/echo'
mandir='${datarootdir}/man'
mkdir_p='$(top_builddir)/config/install-sh -c -d'
oldincludedir='/usr/include'
pdfdir='${docdir}'
prefix='/usr/local/mmseg3'
program_transform_name='s,x,x,'
psdir='${docdir}'
sbindir='${exec_prefix}/sbin'
sharedstatedir='${prefix}/com'
sysconfdir='${prefix}/etc'
target_alias=''

## ----------- ##
## confdefs.h. ##
## ----------- ##

#define PACKAGE_NAME ""
#define PACKAGE_TARNAME ""
#define PACKAGE_VERSION ""
#define PACKAGE_STRING ""
#define PACKAGE_BUGREPORT ""
#define PACKAGE "mmseg"
#define VERSION "0.7"
#define STDC_HEADERS 1
#define HAVE_SYS_TYPES_H 1
#define HAVE_SYS_STAT_H 1
#define HAVE_STDLIB_H 1
#define HAVE_STRING_H 1
#define HAVE_MEMORY_H 1
#define HAVE_STRINGS_H 1
#define HAVE_INTTYPES_H 1
#define HAVE_STDINT_H 1
#define HAVE_UNISTD_H 1
#define HAVE_DLFCN_H 1
#define LT_OBJDIR ".libs/"
#define STDC_HEADERS 1
#define HAVE_SYS_WAIT_H 1
#define HAVE_STDLIB_H 1
#define HAVE_UNISTD_H 1
#define HAVE_ERRNO_H 1
#define HAVE_ASSERT_H 1
#define HAVE_STRING_H 1
#define HAVE_STDARG_H 1
#define HAVE_SYS_ERRLIST 1
#define HAVE_SYS_SIGLIST 1
#define HAVE_BZERO 1
#define HAVE_CALLOC 1
#define HAVE_STRCHR 1
#define HAVE_STRRCHR 1
#define HAVE_BASENAME 1
#define HAVE_STRSPN 1
#define HAVE_STRCSPN 1
#define HAVE_STRERROR 1
#define HAVE_STRSIGNAL 1
#define HAVE_VFPRINTF 1
#define HAVE_WAITPID 1

configure: exit 0
