This file contains any messages produced by compilers while
running configure, to aid debugging if configure makes a mistake.

It was created by sphinx configure 0.9.9, which was
generated by GNU Autoconf 2.64.  Invocation command line was

  $ ./configure --prefix=/usr/local/coreseek --without-python --without-mysql --with-mmseg --with-mmseg-includes=/usr/local/mmseg3/include/mmseg/ --with-mmseg-libs=/usr/local/mmseg3/lib/

## --------- ##
## Platform. ##
## --------- ##

hostname = huacnlee-mac.local
uname -m = x86_64
uname -r = 10.5.0
uname -s = Darwin
uname -v = Darwin Kernel Version 10.5.0: Fri Nov  5 23:19:13 PDT 2010; root:xnu-1504.9.17~1/RELEASE_X86_64

/usr/bin/uname -p = i386
/bin/uname -X     = unknown

/bin/arch              = unknown
/usr/bin/arch -k       = unknown
/usr/convex/getsysinfo = unknown
/usr/bin/hostinfo      = Mach kernel version:
	 Darwin Kernel Version 10.5.0: Fri Nov  5 23:19:13 PDT 2010; root:xnu-1504.9.17~1/RELEASE_X86_64
Kernel configured for up to 2 processors.
2 processors are physically available.
2 processors are logically available.
Processor type: i486 (Intel 80486)
Processors active: 0 1
Primary memory available: 4.00 gigabytes
Default processor set: 97 tasks, 392 threads, 2 processors
Load average: 0.00, Mach factor: 1.99
/bin/machine           = unknown
/usr/bin/oslevel       = unknown
/bin/universe          = unknown

PATH: /Users/jason/.rvm/gems/ruby-1.9.2-p0/bin
PATH: /Users/jason/.rvm/gems/ruby-1.9.2-p0@global/bin
PATH: /Users/jason/.rvm/rubies/ruby-1.9.2-p0/bin
PATH: /Users/jason/.rvm/bin
PATH: /usr/bin
PATH: /bin
PATH: /usr/sbin
PATH: /sbin
PATH: /usr/local/bin
PATH: /usr/local/git/bin
PATH: /usr/X11/bin
PATH: /opt/local/bin
PATH: /usr/local/sbin
PATH: /opt/local/sbin
PATH: /usr/local/mysql/bin


## ----------- ##
## Core tests. ##
## ----------- ##

configure:2337: result: 
configure:2339: result: checking build environment
configure:2342: result: --------------------------
configure:2344: result: 
configure:2387: checking for a BSD-compatible install
configure:2455: result: /usr/bin/install -c
configure:2466: checking whether build environment is sane
configure:2516: result: yes
configure:2657: checking for a thread-safe mkdir -p
configure:2696: result: config/install-sh -c -d
configure:2709: checking for gawk
configure:2739: result: no
configure:2709: checking for mawk
configure:2739: result: no
configure:2709: checking for nawk
configure:2739: result: no
configure:2709: checking for awk
configure:2725: found /usr/bin/awk
configure:2736: result: awk
configure:2747: checking whether make sets $(MAKE)
configure:2769: result: yes
configure:2850: checking whether to enable maintainer-specific portions of Makefiles
configure:2859: result: no
configure:3040: result: 
configure:3042: result: checking for compiler programs
configure:3045: result: ------------------------------
configure:3047: result: 
configure:3061: checking whether to compile debug version
configure:3071: result: no
configure:3135: checking for gcc
configure:3151: found /usr/bin/gcc
configure:3162: result: gcc
configure:3391: checking for C compiler version
configure:3400: gcc --version >&5
i686-apple-darwin10-gcc-4.2.1 (GCC) 4.2.1 (Apple Inc. build 5659)
Copyright (C) 2007 Free Software Foundation, Inc.
This is free software; see the source for copying conditions.  There is NO
warranty; not even for MERCHANTABILITY or FITNESS FOR A PARTICULAR PURPOSE.

configure:3411: $? = 0
configure:3400: gcc -v >&5
Using built-in specs.
Target: i686-apple-darwin10
Configured with: /var/tmp/gcc/gcc-5659~1/src/configure --disable-checking --enable-werror --prefix=/usr --mandir=/share/man --enable-languages=c,objc,c++,obj-c++ --program-transform-name=/^[cg][^.-]*$/s/$/-4.2/ --with-slibdir=/usr/lib --build=i686-apple-darwin10 --program-prefix=i686-apple-darwin10- --host=x86_64-apple-darwin10 --target=i686-apple-darwin10 --with-gxx-include-dir=/include/c++/4.2.1
Thread model: posix
gcc version 4.2.1 (Apple Inc. build 5659)
configure:3411: $? = 0
configure:3400: gcc -V >&5
gcc-4.2: argument to `-V' is missing
configure:3411: $? = 1
configure:3400: gcc -qversion >&5
i686-apple-darwin10-gcc-4.2.1: no input files
configure:3411: $? = 1
configure:3433: checking for C compiler default output file name
configure:3455: gcc -Wall -g -D_FILE_OFFSET_BITS=64 -O3 -DNDEBUG  -I/usr/local/include  conftest.c  -L/usr/local/lib >&5
configure:3459: $? = 0
configure:3496: result: a.out
configure:3512: checking whether the C compiler works
configure:3521: ./a.out
configure:3525: $? = 0
configure:3540: result: yes
configure:3547: checking whether we are cross compiling
configure:3549: result: no
configure:3552: checking for suffix of executables
configure:3559: gcc -o conftest -Wall -g -D_FILE_OFFSET_BITS=64 -O3 -DNDEBUG  -I/usr/local/include  conftest.c  -L/usr/local/lib >&5
configure:3563: $? = 0
configure:3585: result: 
configure:3591: checking for suffix of object files
configure:3613: gcc -c -Wall -g -D_FILE_OFFSET_BITS=64 -O3 -DNDEBUG  -I/usr/local/include conftest.c >&5
configure:3617: $? = 0
configure:3638: result: o
configure:3642: checking whether we are using the GNU C compiler
configure:3661: gcc -c -Wall -g -D_FILE_OFFSET_BITS=64 -O3 -DNDEBUG  -I/usr/local/include conftest.c >&5
configure:3661: $? = 0
configure:3670: result: yes
configure:3679: checking whether gcc accepts -g
configure:3699: gcc -c -g  -I/usr/local/include conftest.c >&5
configure:3699: $? = 0
configure:3740: result: yes
configure:3757: checking for gcc option to accept ISO C89
configure:3821: gcc  -c -Wall -g -D_FILE_OFFSET_BITS=64 -O3 -DNDEBUG  -I/usr/local/include conftest.c >&5
configure:3821: $? = 0
configure:3834: result: none needed
configure:3865: checking for style of include used by make
configure:3893: result: GNU
configure:3918: checking dependency style of gcc
configure:4028: result: gcc3
configure:4101: checking for g++
configure:4117: found /usr/bin/g++
configure:4128: result: g++
configure:4155: checking for C++ compiler version
configure:4164: g++ --version >&5
i686-apple-darwin10-g++-4.2.1 (GCC) 4.2.1 (Apple Inc. build 5659)
Copyright (C) 2007 Free Software Foundation, Inc.
This is free software; see the source for copying conditions.  There is NO
warranty; not even for MERCHANTABILITY or FITNESS FOR A PARTICULAR PURPOSE.

configure:4175: $? = 0
configure:4164: g++ -v >&5
Using built-in specs.
Target: i686-apple-darwin10
Configured with: /var/tmp/gcc/gcc-5659~1/src/configure --disable-checking --enable-werror --prefix=/usr --mandir=/share/man --enable-languages=c,objc,c++,obj-c++ --program-transform-name=/^[cg][^.-]*$/s/$/-4.2/ --with-slibdir=/usr/lib --build=i686-apple-darwin10 --program-prefix=i686-apple-darwin10- --host=x86_64-apple-darwin10 --target=i686-apple-darwin10 --with-gxx-include-dir=/include/c++/4.2.1
Thread model: posix
gcc version 4.2.1 (Apple Inc. build 5659)
configure:4175: $? = 0
configure:4164: g++ -V >&5
g++-4.2: argument to `-V' is missing
configure:4175: $? = 1
configure:4164: g++ -qversion >&5
i686-apple-darwin10-g++-4.2.1: no input files
configure:4175: $? = 1
configure:4179: checking whether we are using the GNU C++ compiler
configure:4198: g++ -c -Wall -g -D_FILE_OFFSET_BITS=64 -O3 -DNDEBUG  -I/usr/local/include conftest.cpp >&5
configure:4198: $? = 0
configure:4207: result: yes
configure:4216: checking whether g++ accepts -g
configure:4236: g++ -c -g  -I/usr/local/include conftest.cpp >&5
configure:4236: $? = 0
configure:4277: result: yes
configure:4302: checking dependency style of g++
configure:4412: result: gcc3
configure:4470: checking for ranlib
configure:4486: found /usr/bin/ranlib
configure:4497: result: ranlib
configure:4608: result: 
configure:4610: result: checking for header files
configure:4613: result: -------------------------
configure:4615: result: 
configure:4626: checking how to run the C preprocessor
configure:4657: gcc -E  -I/usr/local/include conftest.c
configure:4657: $? = 0
configure:4671: gcc -E  -I/usr/local/include conftest.c
conftest.c:11:28: error: ac_nonexistent.h: No such file or directory
configure:4671: $? = 1
configure: failed program was:
| /* confdefs.h */
| #define PACKAGE_NAME "sphinx"
| #define PACKAGE_TARNAME "sphinx"
| #define PACKAGE_VERSION "0.9.9"
| #define PACKAGE_STRING "sphinx 0.9.9"
| #define PACKAGE_BUGREPORT "shodan(at)shodan.ru"
| #define PACKAGE_URL ""
| #define PACKAGE "sphinx"
| #define VERSION "0.9.9"
| /* end confdefs.h.  */
| #include <ac_nonexistent.h>
configure:4696: result: gcc -E
configure:4716: gcc -E  -I/usr/local/include conftest.c
configure:4716: $? = 0
configure:4730: gcc -E  -I/usr/local/include conftest.c
conftest.c:11:28: error: ac_nonexistent.h: No such file or directory
configure:4730: $? = 1
configure: failed program was:
| /* confdefs.h */
| #define PACKAGE_NAME "sphinx"
| #define PACKAGE_TARNAME "sphinx"
| #define PACKAGE_VERSION "0.9.9"
| #define PACKAGE_STRING "sphinx 0.9.9"
| #define PACKAGE_BUGREPORT "shodan(at)shodan.ru"
| #define PACKAGE_URL ""
| #define PACKAGE "sphinx"
| #define VERSION "0.9.9"
| /* end confdefs.h.  */
| #include <ac_nonexistent.h>
configure:4759: checking for grep that handles long lines and -e
configure:4817: result: /usr/bin/grep
configure:4822: checking for egrep
configure:4884: result: /usr/bin/grep -E
configure:4889: checking for ANSI C header files
configure:4909: gcc -c -Wall -g -D_FILE_OFFSET_BITS=64 -O3 -DNDEBUG  -I/usr/local/include conftest.c >&5
configure:4909: $? = 0
configure:4982: gcc -o conftest -Wall -g -D_FILE_OFFSET_BITS=64 -O3 -DNDEBUG  -I/usr/local/include  conftest.c  -L/usr/local/lib >&5
configure:4982: $? = 0
configure:4982: ./conftest
configure:4982: $? = 0
configure:4993: result: yes
configure:5001: checking for sys/wait.h that is POSIX.1 compatible
configure:5027: gcc -c -Wall -g -D_FILE_OFFSET_BITS=64 -O3 -DNDEBUG  -I/usr/local/include conftest.c >&5
configure:5027: $? = 0
configure:5034: result: yes
configure:5047: checking for sys/types.h
configure:5047: gcc -c -Wall -g -D_FILE_OFFSET_BITS=64 -O3 -DNDEBUG  -I/usr/local/include conftest.c >&5
configure:5047: $? = 0
configure:5047: result: yes
configure:5047: checking for sys/stat.h
configure:5047: gcc -c -Wall -g -D_FILE_OFFSET_BITS=64 -O3 -DNDEBUG  -I/usr/local/include conftest.c >&5
configure:5047: $? = 0
configure:5047: result: yes
configure:5047: checking for stdlib.h
configure:5047: gcc -c -Wall -g -D_FILE_OFFSET_BITS=64 -O3 -DNDEBUG  -I/usr/local/include conftest.c >&5
configure:5047: $? = 0
configure:5047: result: yes
configure:5047: checking for string.h
configure:5047: gcc -c -Wall -g -D_FILE_OFFSET_BITS=64 -O3 -DNDEBUG  -I/usr/local/include conftest.c >&5
configure:5047: $? = 0
configure:5047: result: yes
configure:5047: checking for memory.h
configure:5047: gcc -c -Wall -g -D_FILE_OFFSET_BITS=64 -O3 -DNDEBUG  -I/usr/local/include conftest.c >&5
configure:5047: $? = 0
configure:5047: result: yes
configure:5047: checking for strings.h
configure:5047: gcc -c -Wall -g -D_FILE_OFFSET_BITS=64 -O3 -DNDEBUG  -I/usr/local/include conftest.c >&5
configure:5047: $? = 0
configure:5047: result: yes
configure:5047: checking for inttypes.h
configure:5047: gcc -c -Wall -g -D_FILE_OFFSET_BITS=64 -O3 -DNDEBUG  -I/usr/local/include conftest.c >&5
configure:5047: $? = 0
configure:5047: result: yes
configure:5047: checking for stdint.h
configure:5047: gcc -c -Wall -g -D_FILE_OFFSET_BITS=64 -O3 -DNDEBUG  -I/usr/local/include conftest.c >&5
configure:5047: $? = 0
configure:5047: result: yes
configure:5047: checking for unistd.h
configure:5047: gcc -c -Wall -g -D_FILE_OFFSET_BITS=64 -O3 -DNDEBUG  -I/usr/local/include conftest.c >&5
configure:5047: $? = 0
configure:5047: result: yes
configure:5063: checking fcntl.h usability
configure:5063: gcc -c -Wall -g -D_FILE_OFFSET_BITS=64 -O3 -DNDEBUG  -I/usr/local/include conftest.c >&5
configure:5063: $? = 0
configure:5063: result: yes
configure:5063: checking fcntl.h presence
configure:5063: gcc -E  -I/usr/local/include conftest.c
configure:5063: $? = 0
configure:5063: result: yes
configure:5063: checking for fcntl.h
configure:5063: result: yes
configure:5063: checking limits.h usability
configure:5063: gcc -c -Wall -g -D_FILE_OFFSET_BITS=64 -O3 -DNDEBUG  -I/usr/local/include conftest.c >&5
configure:5063: $? = 0
configure:5063: result: yes
configure:5063: checking limits.h presence
configure:5063: gcc -E  -I/usr/local/include conftest.c
configure:5063: $? = 0
configure:5063: result: yes
configure:5063: checking for limits.h
configure:5063: result: yes
configure:5063: checking netdb.h usability
configure:5063: gcc -c -Wall -g -D_FILE_OFFSET_BITS=64 -O3 -DNDEBUG  -I/usr/local/include conftest.c >&5
configure:5063: $? = 0
configure:5063: result: yes
configure:5063: checking netdb.h presence
configure:5063: gcc -E  -I/usr/local/include conftest.c
configure:5063: $? = 0
configure:5063: result: yes
configure:5063: checking for netdb.h
configure:5063: result: yes
configure:5063: checking netinet/in.h usability
configure:5063: gcc -c -Wall -g -D_FILE_OFFSET_BITS=64 -O3 -DNDEBUG  -I/usr/local/include conftest.c >&5
configure:5063: $? = 0
configure:5063: result: yes
configure:5063: checking netinet/in.h presence
configure:5063: gcc -E  -I/usr/local/include conftest.c
configure:5063: $? = 0
configure:5063: result: yes
configure:5063: checking for netinet/in.h
configure:5063: result: yes
configure:5063: checking for stdlib.h
configure:5063: result: yes
configure:5063: checking for string.h
configure:5063: result: yes
configure:5063: checking sys/file.h usability
configure:5063: gcc -c -Wall -g -D_FILE_OFFSET_BITS=64 -O3 -DNDEBUG  -I/usr/local/include conftest.c >&5
configure:5063: $? = 0
configure:5063: result: yes
configure:5063: checking sys/file.h presence
configure:5063: gcc -E  -I/usr/local/include conftest.c
configure:5063: $? = 0
configure:5063: result: yes
configure:5063: checking for sys/file.h
configure:5063: result: yes
configure:5063: checking sys/socket.h usability
configure:5063: gcc -c -Wall -g -D_FILE_OFFSET_BITS=64 -O3 -DNDEBUG  -I/usr/local/include conftest.c >&5
configure:5063: $? = 0
configure:5063: result: yes
configure:5063: checking sys/socket.h presence
configure:5063: gcc -E  -I/usr/local/include conftest.c
configure:5063: $? = 0
configure:5063: result: yes
configure:5063: checking for sys/socket.h
configure:5063: result: yes
configure:5063: checking sys/time.h usability
configure:5063: gcc -c -Wall -g -D_FILE_OFFSET_BITS=64 -O3 -DNDEBUG  -I/usr/local/include conftest.c >&5
configure:5063: $? = 0
configure:5063: result: yes
configure:5063: checking sys/time.h presence
configure:5063: gcc -E  -I/usr/local/include conftest.c
configure:5063: $? = 0
configure:5063: result: yes
configure:5063: checking for sys/time.h
configure:5063: result: yes
configure:5063: checking for unistd.h
configure:5063: result: yes
configure:5063: checking pthread.h usability
configure:5063: gcc -c -Wall -g -D_FILE_OFFSET_BITS=64 -O3 -DNDEBUG  -I/usr/local/include conftest.c >&5
configure:5063: $? = 0
configure:5063: result: yes
configure:5063: checking pthread.h presence
configure:5063: gcc -E  -I/usr/local/include conftest.c
configure:5063: $? = 0
configure:5063: result: yes
configure:5063: checking for pthread.h
configure:5063: result: yes
configure:5074: checking expat.h usability
configure:5074: gcc -c -Wall -g -D_FILE_OFFSET_BITS=64 -O3 -DNDEBUG  -I/usr/local/include conftest.c >&5
configure:5074: $? = 0
configure:5074: result: yes
configure:5074: checking expat.h presence
configure:5074: gcc -E  -I/usr/local/include conftest.c
configure:5074: $? = 0
configure:5074: result: yes
configure:5074: checking for expat.h
configure:5074: result: yes
configure:5082: checking iconv.h usability
configure:5082: gcc -c -Wall -g -D_FILE_OFFSET_BITS=64 -O3 -DNDEBUG  -I/usr/local/include conftest.c >&5
configure:5082: $? = 0
configure:5082: result: yes
configure:5082: checking iconv.h presence
configure:5082: gcc -E  -I/usr/local/include conftest.c
configure:5082: $? = 0
configure:5082: result: yes
configure:5082: checking for iconv.h
configure:5082: result: yes
configure:5090: checking zlib.h usability
configure:5090: gcc -c -Wall -g -D_FILE_OFFSET_BITS=64 -O3 -DNDEBUG  -I/usr/local/include conftest.c >&5
configure:5090: $? = 0
configure:5090: result: yes
configure:5090: checking zlib.h presence
configure:5090: gcc -E  -I/usr/local/include conftest.c
configure:5090: $? = 0
configure:5090: result: yes
configure:5090: checking for zlib.h
configure:5090: result: yes
configure:5098: checking sql.h usability
configure:5098: gcc -c -Wall -g -D_FILE_OFFSET_BITS=64 -O3 -DNDEBUG  -I/usr/local/include conftest.c >&5
configure:5098: $? = 0
configure:5098: result: yes
configure:5098: checking sql.h presence
configure:5098: gcc -E  -I/usr/local/include conftest.c
configure:5098: $? = 0
configure:5098: result: yes
configure:5098: checking for sql.h
configure:5098: result: yes
configure:5109: result: 
configure:5111: result: checking for types
configure:5114: result: ------------------
configure:5116: result: 
configure:5121: checking for stdbool.h that conforms to C99
configure:5206: gcc -c -Wall -g -D_FILE_OFFSET_BITS=64 -O3 -DNDEBUG  -I/usr/local/include conftest.c >&5
conftest.c:60: warning: the address of 's' will always evaluate as 'true'
conftest.c: In function 'main':
conftest.c:104: warning: the address of 'a' will always evaluate as 'true'
conftest.c:104: warning: the address of 'b' will always evaluate as 'true'
conftest.c:104: warning: the address of 'c' will always evaluate as 'true'
conftest.c:104: warning: the address of 'd' will always evaluate as 'true'
conftest.c:104: warning: the address of 'f' will always evaluate as 'true'
conftest.c:104: warning: the address of 'g' will always evaluate as 'true'
conftest.c:104: warning: the address of 'h' will always evaluate as 'true'
conftest.c:104: warning: the address of 'i' will always evaluate as 'true'
conftest.c:105: warning: the address of 'n' will always evaluate as 'true'
conftest.c:105: warning: the address of 'o' will always evaluate as 'true'
conftest.c:105: warning: the address of 'p' will always evaluate as 'true'
configure:5206: $? = 0
configure:5213: result: yes
configure:5215: checking for _Bool
configure:5215: gcc -c -Wall -g -D_FILE_OFFSET_BITS=64 -O3 -DNDEBUG  -I/usr/local/include conftest.c >&5
configure:5215: $? = 0
configure:5215: gcc -c -Wall -g -D_FILE_OFFSET_BITS=64 -O3 -DNDEBUG  -I/usr/local/include conftest.c >&5
conftest.c: In function 'main':
conftest.c:69: error: expected expression before ')' token
configure:5215: $? = 1
configure: failed program was:
| /* confdefs.h */
| #define PACKAGE_NAME "sphinx"
| #define PACKAGE_TARNAME "sphinx"
| #define PACKAGE_VERSION "0.9.9"
| #define PACKAGE_STRING "sphinx 0.9.9"
| #define PACKAGE_BUGREPORT "shodan(at)shodan.ru"
| #define PACKAGE_URL ""
| #define PACKAGE "sphinx"
| #define VERSION "0.9.9"
| #define STDC_HEADERS 1
| #define HAVE_SYS_WAIT_H 1
| #define HAVE_SYS_TYPES_H 1
| #define HAVE_SYS_STAT_H 1
| #define HAVE_STDLIB_H 1
| #define HAVE_STRING_H 1
| #define HAVE_MEMORY_H 1
| #define HAVE_STRINGS_H 1
| #define HAVE_INTTYPES_H 1
| #define HAVE_STDINT_H 1
| #define HAVE_UNISTD_H 1
| #define HAVE_FCNTL_H 1
| #define HAVE_LIMITS_H 1
| #define HAVE_NETDB_H 1
| #define HAVE_NETINET_IN_H 1
| #define HAVE_STDLIB_H 1
| #define HAVE_STRING_H 1
| #define HAVE_SYS_FILE_H 1
| #define HAVE_SYS_SOCKET_H 1
| #define HAVE_SYS_TIME_H 1
| #define HAVE_UNISTD_H 1
| #define HAVE_PTHREAD_H 1
| /* end confdefs.h.  */
| #include <stdio.h>
| #ifdef HAVE_SYS_TYPES_H
| # include <sys/types.h>
| #endif
| #ifdef HAVE_SYS_STAT_H
| # include <sys/stat.h>
| #endif
| #ifdef STDC_HEADERS
| # include <stdlib.h>
| # include <stddef.h>
| #else
| # ifdef HAVE_STDLIB_H
| #  include <stdlib.h>
| # endif
| #endif
| #ifdef HAVE_STRING_H
| # if !defined STDC_HEADERS && defined HAVE_MEMORY_H
| #  include <memory.h>
| # endif
| # include <string.h>
| #endif
| #ifdef HAVE_STRINGS_H
| # include <strings.h>
| #endif
| #ifdef HAVE_INTTYPES_H
| # include <inttypes.h>
| #endif
| #ifdef HAVE_STDINT_H
| # include <stdint.h>
| #endif
| #ifdef HAVE_UNISTD_H
| # include <unistd.h>
| #endif
| int
| main ()
| {
| if (sizeof ((_Bool)))
| 	    return 0;
|   ;
|   return 0;
| }
configure:5215: result: yes
configure:5231: checking for an ANSI C-conforming const
configure:5296: gcc -c -Wall -g -D_FILE_OFFSET_BITS=64 -O3 -DNDEBUG  -I/usr/local/include conftest.c >&5
conftest.c: In function 'main':
conftest.c:64: warning: 't' is used uninitialized in this function
conftest.c:80: warning: 'b' is used uninitialized in this function
conftest.c:86: warning: 'cs[0]' is used uninitialized in this function
configure:5296: $? = 0
configure:5303: result: yes
configure:5311: checking for inline
configure:5327: gcc -c -Wall -g -D_FILE_OFFSET_BITS=64 -O3 -DNDEBUG  -I/usr/local/include conftest.c >&5
configure:5327: $? = 0
configure:5335: result: inline
configure:5353: checking for off_t
configure:5353: gcc -c -Wall -g -D_FILE_OFFSET_BITS=64 -O3 -DNDEBUG  -I/usr/local/include conftest.c >&5
configure:5353: $? = 0
configure:5353: gcc -c -Wall -g -D_FILE_OFFSET_BITS=64 -O3 -DNDEBUG  -I/usr/local/include conftest.c >&5
conftest.c: In function 'main':
conftest.c:71: error: expected expression before ')' token
configure:5353: $? = 1
configure: failed program was:
| /* confdefs.h */
| #define PACKAGE_NAME "sphinx"
| #define PACKAGE_TARNAME "sphinx"
| #define PACKAGE_VERSION "0.9.9"
| #define PACKAGE_STRING "sphinx 0.9.9"
| #define PACKAGE_BUGREPORT "shodan(at)shodan.ru"
| #define PACKAGE_URL ""
| #define PACKAGE "sphinx"
| #define VERSION "0.9.9"
| #define STDC_HEADERS 1
| #define HAVE_SYS_WAIT_H 1
| #define HAVE_SYS_TYPES_H 1
| #define HAVE_SYS_STAT_H 1
| #define HAVE_STDLIB_H 1
| #define HAVE_STRING_H 1
| #define HAVE_MEMORY_H 1
| #define HAVE_STRINGS_H 1
| #define HAVE_INTTYPES_H 1
| #define HAVE_STDINT_H 1
| #define HAVE_UNISTD_H 1
| #define HAVE_FCNTL_H 1
| #define HAVE_LIMITS_H 1
| #define HAVE_NETDB_H 1
| #define HAVE_NETINET_IN_H 1
| #define HAVE_STDLIB_H 1
| #define HAVE_STRING_H 1
| #define HAVE_SYS_FILE_H 1
| #define HAVE_SYS_SOCKET_H 1
| #define HAVE_SYS_TIME_H 1
| #define HAVE_UNISTD_H 1
| #define HAVE_PTHREAD_H 1
| #define HAVE__BOOL 1
| #define HAVE_STDBOOL_H 1
| /* end confdefs.h.  */
| #include <stdio.h>
| #ifdef HAVE_SYS_TYPES_H
| # include <sys/types.h>
| #endif
| #ifdef HAVE_SYS_STAT_H
| # include <sys/stat.h>
| #endif
| #ifdef STDC_HEADERS
| # include <stdlib.h>
| # include <stddef.h>
| #else
| # ifdef HAVE_STDLIB_H
| #  include <stdlib.h>
| # endif
| #endif
| #ifdef HAVE_STRING_H
| # if !defined STDC_HEADERS && defined HAVE_MEMORY_H
| #  include <memory.h>
| # endif
| # include <string.h>
| #endif
| #ifdef HAVE_STRINGS_H
| # include <strings.h>
| #endif
| #ifdef HAVE_INTTYPES_H
| # include <inttypes.h>
| #endif
| #ifdef HAVE_STDINT_H
| # include <stdint.h>
| #endif
| #ifdef HAVE_UNISTD_H
| # include <unistd.h>
| #endif
| int
| main ()
| {
| if (sizeof ((off_t)))
| 	    return 0;
|   ;
|   return 0;
| }
configure:5353: result: yes
configure:5364: checking for size_t
configure:5364: gcc -c -Wall -g -D_FILE_OFFSET_BITS=64 -O3 -DNDEBUG  -I/usr/local/include conftest.c >&5
configure:5364: $? = 0
configure:5364: gcc -c -Wall -g -D_FILE_OFFSET_BITS=64 -O3 -DNDEBUG  -I/usr/local/include conftest.c >&5
conftest.c: In function 'main':
conftest.c:71: error: expected expression before ')' token
configure:5364: $? = 1
configure: failed program was:
| /* confdefs.h */
| #define PACKAGE_NAME "sphinx"
| #define PACKAGE_TARNAME "sphinx"
| #define PACKAGE_VERSION "0.9.9"
| #define PACKAGE_STRING "sphinx 0.9.9"
| #define PACKAGE_BUGREPORT "shodan(at)shodan.ru"
| #define PACKAGE_URL ""
| #define PACKAGE "sphinx"
| #define VERSION "0.9.9"
| #define STDC_HEADERS 1
| #define HAVE_SYS_WAIT_H 1
| #define HAVE_SYS_TYPES_H 1
| #define HAVE_SYS_STAT_H 1
| #define HAVE_STDLIB_H 1
| #define HAVE_STRING_H 1
| #define HAVE_MEMORY_H 1
| #define HAVE_STRINGS_H 1
| #define HAVE_INTTYPES_H 1
| #define HAVE_STDINT_H 1
| #define HAVE_UNISTD_H 1
| #define HAVE_FCNTL_H 1
| #define HAVE_LIMITS_H 1
| #define HAVE_NETDB_H 1
| #define HAVE_NETINET_IN_H 1
| #define HAVE_STDLIB_H 1
| #define HAVE_STRING_H 1
| #define HAVE_SYS_FILE_H 1
| #define HAVE_SYS_SOCKET_H 1
| #define HAVE_SYS_TIME_H 1
| #define HAVE_UNISTD_H 1
| #define HAVE_PTHREAD_H 1
| #define HAVE__BOOL 1
| #define HAVE_STDBOOL_H 1
| /* end confdefs.h.  */
| #include <stdio.h>
| #ifdef HAVE_SYS_TYPES_H
| # include <sys/types.h>
| #endif
| #ifdef HAVE_SYS_STAT_H
| # include <sys/stat.h>
| #endif
| #ifdef STDC_HEADERS
| # include <stdlib.h>
| # include <stddef.h>
| #else
| # ifdef HAVE_STDLIB_H
| #  include <stdlib.h>
| # endif
| #endif
| #ifdef HAVE_STRING_H
| # if !defined STDC_HEADERS && defined HAVE_MEMORY_H
| #  include <memory.h>
| # endif
| # include <string.h>
| #endif
| #ifdef HAVE_STRINGS_H
| # include <strings.h>
| #endif
| #ifdef HAVE_INTTYPES_H
| # include <inttypes.h>
| #endif
| #ifdef HAVE_STDINT_H
| # include <stdint.h>
| #endif
| #ifdef HAVE_UNISTD_H
| # include <unistd.h>
| #endif
| int
| main ()
| {
| if (sizeof ((size_t)))
| 	    return 0;
|   ;
|   return 0;
| }
configure:5364: result: yes
configure:5375: checking whether time.h and sys/time.h may both be included
configure:5395: gcc -c -Wall -g -D_FILE_OFFSET_BITS=64 -O3 -DNDEBUG  -I/usr/local/include conftest.c >&5
configure:5395: $? = 0
configure:5402: result: yes
configure:5413: result: 
configure:5415: result: checking for library functions
configure:5418: result: ------------------------------
configure:5420: result: 
configure:5425: checking for pid_t
configure:5425: gcc -c -Wall -g -D_FILE_OFFSET_BITS=64 -O3 -DNDEBUG  -I/usr/local/include conftest.c >&5
configure:5425: $? = 0
configure:5425: gcc -c -Wall -g -D_FILE_OFFSET_BITS=64 -O3 -DNDEBUG  -I/usr/local/include conftest.c >&5
conftest.c: In function 'main':
conftest.c:72: error: expected expression before ')' token
configure:5425: $? = 1
configure: failed program was:
| /* confdefs.h */
| #define PACKAGE_NAME "sphinx"
| #define PACKAGE_TARNAME "sphinx"
| #define PACKAGE_VERSION "0.9.9"
| #define PACKAGE_STRING "sphinx 0.9.9"
| #define PACKAGE_BUGREPORT "shodan(at)shodan.ru"
| #define PACKAGE_URL ""
| #define PACKAGE "sphinx"
| #define VERSION "0.9.9"
| #define STDC_HEADERS 1
| #define HAVE_SYS_WAIT_H 1
| #define HAVE_SYS_TYPES_H 1
| #define HAVE_SYS_STAT_H 1
| #define HAVE_STDLIB_H 1
| #define HAVE_STRING_H 1
| #define HAVE_MEMORY_H 1
| #define HAVE_STRINGS_H 1
| #define HAVE_INTTYPES_H 1
| #define HAVE_STDINT_H 1
| #define HAVE_UNISTD_H 1
| #define HAVE_FCNTL_H 1
| #define HAVE_LIMITS_H 1
| #define HAVE_NETDB_H 1
| #define HAVE_NETINET_IN_H 1
| #define HAVE_STDLIB_H 1
| #define HAVE_STRING_H 1
| #define HAVE_SYS_FILE_H 1
| #define HAVE_SYS_SOCKET_H 1
| #define HAVE_SYS_TIME_H 1
| #define HAVE_UNISTD_H 1
| #define HAVE_PTHREAD_H 1
| #define HAVE__BOOL 1
| #define HAVE_STDBOOL_H 1
| #define TIME_WITH_SYS_TIME 1
| /* end confdefs.h.  */
| #include <stdio.h>
| #ifdef HAVE_SYS_TYPES_H
| # include <sys/types.h>
| #endif
| #ifdef HAVE_SYS_STAT_H
| # include <sys/stat.h>
| #endif
| #ifdef STDC_HEADERS
| # include <stdlib.h>
| # include <stddef.h>
| #else
| # ifdef HAVE_STDLIB_H
| #  include <stdlib.h>
| # endif
| #endif
| #ifdef HAVE_STRING_H
| # if !defined STDC_HEADERS && defined HAVE_MEMORY_H
| #  include <memory.h>
| # endif
| # include <string.h>
| #endif
| #ifdef HAVE_STRINGS_H
| # include <strings.h>
| #endif
| #ifdef HAVE_INTTYPES_H
| # include <inttypes.h>
| #endif
| #ifdef HAVE_STDINT_H
| # include <stdint.h>
| #endif
| #ifdef HAVE_UNISTD_H
| # include <unistd.h>
| #endif
| int
| main ()
| {
| if (sizeof ((pid_t)))
| 	    return 0;
|   ;
|   return 0;
| }
configure:5425: result: yes
configure:5438: checking vfork.h usability
configure:5438: gcc -c -Wall -g -D_FILE_OFFSET_BITS=64 -O3 -DNDEBUG  -I/usr/local/include conftest.c >&5
conftest.c:69:19: error: vfork.h: No such file or directory
configure:5438: $? = 1
configure: failed program was:
| /* confdefs.h */
| #define PACKAGE_NAME "sphinx"
| #define PACKAGE_TARNAME "sphinx"
| #define PACKAGE_VERSION "0.9.9"
| #define PACKAGE_STRING "sphinx 0.9.9"
| #define PACKAGE_BUGREPORT "shodan(at)shodan.ru"
| #define PACKAGE_URL ""
| #define PACKAGE "sphinx"
| #define VERSION "0.9.9"
| #define STDC_HEADERS 1
| #define HAVE_SYS_WAIT_H 1
| #define HAVE_SYS_TYPES_H 1
| #define HAVE_SYS_STAT_H 1
| #define HAVE_STDLIB_H 1
| #define HAVE_STRING_H 1
| #define HAVE_MEMORY_H 1
| #define HAVE_STRINGS_H 1
| #define HAVE_INTTYPES_H 1
| #define HAVE_STDINT_H 1
| #define HAVE_UNISTD_H 1
| #define HAVE_FCNTL_H 1
| #define HAVE_LIMITS_H 1
| #define HAVE_NETDB_H 1
| #define HAVE_NETINET_IN_H 1
| #define HAVE_STDLIB_H 1
| #define HAVE_STRING_H 1
| #define HAVE_SYS_FILE_H 1
| #define HAVE_SYS_SOCKET_H 1
| #define HAVE_SYS_TIME_H 1
| #define HAVE_UNISTD_H 1
| #define HAVE_PTHREAD_H 1
| #define HAVE__BOOL 1
| #define HAVE_STDBOOL_H 1
| #define TIME_WITH_SYS_TIME 1
| /* end confdefs.h.  */
| #include <stdio.h>
| #ifdef HAVE_SYS_TYPES_H
| # include <sys/types.h>
| #endif
| #ifdef HAVE_SYS_STAT_H
| # include <sys/stat.h>
| #endif
| #ifdef STDC_HEADERS
| # include <stdlib.h>
| # include <stddef.h>
| #else
| # ifdef HAVE_STDLIB_H
| #  include <stdlib.h>
| # endif
| #endif
| #ifdef HAVE_STRING_H
| # if !defined STDC_HEADERS && defined HAVE_MEMORY_H
| #  include <memory.h>
| # endif
| # include <string.h>
| #endif
| #ifdef HAVE_STRINGS_H
| # include <strings.h>
| #endif
| #ifdef HAVE_INTTYPES_H
| # include <inttypes.h>
| #endif
| #ifdef HAVE_STDINT_H
| # include <stdint.h>
| #endif
| #ifdef HAVE_UNISTD_H
| # include <unistd.h>
| #endif
| #include <vfork.h>
configure:5438: result: no
configure:5438: checking vfork.h presence
configure:5438: gcc -E  -I/usr/local/include conftest.c
conftest.c:36:19: error: vfork.h: No such file or directory
configure:5438: $? = 1
configure: failed program was:
| /* confdefs.h */
| #define PACKAGE_NAME "sphinx"
| #define PACKAGE_TARNAME "sphinx"
| #define PACKAGE_VERSION "0.9.9"
| #define PACKAGE_STRING "sphinx 0.9.9"
| #define PACKAGE_BUGREPORT "shodan(at)shodan.ru"
| #define PACKAGE_URL ""
| #define PACKAGE "sphinx"
| #define VERSION "0.9.9"
| #define STDC_HEADERS 1
| #define HAVE_SYS_WAIT_H 1
| #define HAVE_SYS_TYPES_H 1
| #define HAVE_SYS_STAT_H 1
| #define HAVE_STDLIB_H 1
| #define HAVE_STRING_H 1
| #define HAVE_MEMORY_H 1
| #define HAVE_STRINGS_H 1
| #define HAVE_INTTYPES_H 1
| #define HAVE_STDINT_H 1
| #define HAVE_UNISTD_H 1
| #define HAVE_FCNTL_H 1
| #define HAVE_LIMITS_H 1
| #define HAVE_NETDB_H 1
| #define HAVE_NETINET_IN_H 1
| #define HAVE_STDLIB_H 1
| #define HAVE_STRING_H 1
| #define HAVE_SYS_FILE_H 1
| #define HAVE_SYS_SOCKET_H 1
| #define HAVE_SYS_TIME_H 1
| #define HAVE_UNISTD_H 1
| #define HAVE_PTHREAD_H 1
| #define HAVE__BOOL 1
| #define HAVE_STDBOOL_H 1
| #define TIME_WITH_SYS_TIME 1
| /* end confdefs.h.  */
| #include <vfork.h>
configure:5438: result: no
configure:5438: checking for vfork.h
configure:5438: result: no
configure:5451: checking for fork
configure:5451: gcc -o conftest -Wall -g -D_FILE_OFFSET_BITS=64 -O3 -DNDEBUG  -I/usr/local/include  conftest.c  -L/usr/local/lib >&5
conftest.c:59: warning: conflicting types for built-in function 'fork'
configure:5451: $? = 0
configure:5451: result: yes
configure:5451: checking for vfork
configure:5451: gcc -o conftest -Wall -g -D_FILE_OFFSET_BITS=64 -O3 -DNDEBUG  -I/usr/local/include  conftest.c  -L/usr/local/lib >&5
configure:5451: $? = 0
configure:5451: result: yes
configure:5462: checking for working fork
configure:5484: gcc -o conftest -Wall -g -D_FILE_OFFSET_BITS=64 -O3 -DNDEBUG  -I/usr/local/include  conftest.c  -L/usr/local/lib >&5
configure:5484: $? = 0
configure:5484: ./conftest
configure:5484: $? = 0
configure:5494: result: yes
configure:5515: checking for working vfork
configure:5625: result: yes
configure:5652: checking for stdlib.h
configure:5652: result: yes
configure:5662: checking for GNU libc compatible malloc
configure:5686: gcc -o conftest -Wall -g -D_FILE_OFFSET_BITS=64 -O3 -DNDEBUG  -I/usr/local/include  conftest.c  -L/usr/local/lib >&5
configure:5686: $? = 0
configure:5686: ./conftest
configure:5686: $? = 0
configure:5696: result: yes
configure:5719: checking for stdlib.h
configure:5719: result: yes
configure:5729: checking for GNU libc compatible realloc
configure:5753: gcc -o conftest -Wall -g -D_FILE_OFFSET_BITS=64 -O3 -DNDEBUG  -I/usr/local/include  conftest.c  -L/usr/local/lib >&5
configure:5753: $? = 0
configure:5753: ./conftest
configure:5753: $? = 0
configure:5763: result: yes
configure:5787: checking sys/select.h usability
configure:5787: gcc -c -Wall -g -D_FILE_OFFSET_BITS=64 -O3 -DNDEBUG  -I/usr/local/include conftest.c >&5
configure:5787: $? = 0
configure:5787: result: yes
configure:5787: checking sys/select.h presence
configure:5787: gcc -E  -I/usr/local/include conftest.c
configure:5787: $? = 0
configure:5787: result: yes
configure:5787: checking for sys/select.h
configure:5787: result: yes
configure:5787: checking for sys/socket.h
configure:5787: result: yes
configure:5798: checking types of arguments for select
configure:5826: gcc -c -Wall -g -D_FILE_OFFSET_BITS=64 -O3 -DNDEBUG  -I/usr/local/include conftest.c >&5
configure:5826: $? = 0
configure:5837: result: int,fd_set *,struct timeval *
configure:5860: checking return type of signal handlers
configure:5878: gcc -c -Wall -g -D_FILE_OFFSET_BITS=64 -O3 -DNDEBUG  -I/usr/local/include conftest.c >&5
conftest.c: In function 'main':
conftest.c:55: error: void value not ignored as it ought to be
configure:5878: $? = 1
configure: failed program was:
| /* confdefs.h */
| #define PACKAGE_NAME "sphinx"
| #define PACKAGE_TARNAME "sphinx"
| #define PACKAGE_VERSION "0.9.9"
| #define PACKAGE_STRING "sphinx 0.9.9"
| #define PACKAGE_BUGREPORT "shodan(at)shodan.ru"
| #define PACKAGE_URL ""
| #define PACKAGE "sphinx"
| #define VERSION "0.9.9"
| #define STDC_HEADERS 1
| #define HAVE_SYS_WAIT_H 1
| #define HAVE_SYS_TYPES_H 1
| #define HAVE_SYS_STAT_H 1
| #define HAVE_STDLIB_H 1
| #define HAVE_STRING_H 1
| #define HAVE_MEMORY_H 1
| #define HAVE_STRINGS_H 1
| #define HAVE_INTTYPES_H 1
| #define HAVE_STDINT_H 1
| #define HAVE_UNISTD_H 1
| #define HAVE_FCNTL_H 1
| #define HAVE_LIMITS_H 1
| #define HAVE_NETDB_H 1
| #define HAVE_NETINET_IN_H 1
| #define HAVE_STDLIB_H 1
| #define HAVE_STRING_H 1
| #define HAVE_SYS_FILE_H 1
| #define HAVE_SYS_SOCKET_H 1
| #define HAVE_SYS_TIME_H 1
| #define HAVE_UNISTD_H 1
| #define HAVE_PTHREAD_H 1
| #define HAVE__BOOL 1
| #define HAVE_STDBOOL_H 1
| #define TIME_WITH_SYS_TIME 1
| #define HAVE_FORK 1
| #define HAVE_VFORK 1
| #define HAVE_WORKING_VFORK 1
| #define HAVE_WORKING_FORK 1
| #define HAVE_STDLIB_H 1
| #define HAVE_MALLOC 1
| #define HAVE_STDLIB_H 1
| #define HAVE_REALLOC 1
| #define HAVE_SYS_SELECT_H 1
| #define HAVE_SYS_SOCKET_H 1
| #define SELECT_TYPE_ARG1 int
| #define SELECT_TYPE_ARG234 (fd_set *)
| #define SELECT_TYPE_ARG5 (struct timeval *)
| /* end confdefs.h.  */
| #include <sys/types.h>
| #include <signal.h>
| 
| int
| main ()
| {
| return *(signal (0, 0)) (0) == 1;
|   ;
|   return 0;
| }
configure:5885: result: void
configure:5893: checking whether lstat dereferences a symlink specified with a trailing slash
configure:5919: gcc -o conftest -Wall -g -D_FILE_OFFSET_BITS=64 -O3 -DNDEBUG  -I/usr/local/include  conftest.c  -L/usr/local/lib >&5
configure:5919: $? = 0
configure:5919: ./conftest
configure:5919: $? = 1
configure: program exited with status 1
configure: failed program was:
| /* confdefs.h */
| #define PACKAGE_NAME "sphinx"
| #define PACKAGE_TARNAME "sphinx"
| #define PACKAGE_VERSION "0.9.9"
| #define PACKAGE_STRING "sphinx 0.9.9"
| #define PACKAGE_BUGREPORT "shodan(at)shodan.ru"
| #define PACKAGE_URL ""
| #define PACKAGE "sphinx"
| #define VERSION "0.9.9"
| #define STDC_HEADERS 1
| #define HAVE_SYS_WAIT_H 1
| #define HAVE_SYS_TYPES_H 1
| #define HAVE_SYS_STAT_H 1
| #define HAVE_STDLIB_H 1
| #define HAVE_STRING_H 1
| #define HAVE_MEMORY_H 1
| #define HAVE_STRINGS_H 1
| #define HAVE_INTTYPES_H 1
| #define HAVE_STDINT_H 1
| #define HAVE_UNISTD_H 1
| #define HAVE_FCNTL_H 1
| #define HAVE_LIMITS_H 1
| #define HAVE_NETDB_H 1
| #define HAVE_NETINET_IN_H 1
| #define HAVE_STDLIB_H 1
| #define HAVE_STRING_H 1
| #define HAVE_SYS_FILE_H 1
| #define HAVE_SYS_SOCKET_H 1
| #define HAVE_SYS_TIME_H 1
| #define HAVE_UNISTD_H 1
| #define HAVE_PTHREAD_H 1
| #define HAVE__BOOL 1
| #define HAVE_STDBOOL_H 1
| #define TIME_WITH_SYS_TIME 1
| #define HAVE_FORK 1
| #define HAVE_VFORK 1
| #define HAVE_WORKING_VFORK 1
| #define HAVE_WORKING_FORK 1
| #define HAVE_STDLIB_H 1
| #define HAVE_MALLOC 1
| #define HAVE_STDLIB_H 1
| #define HAVE_REALLOC 1
| #define HAVE_SYS_SELECT_H 1
| #define HAVE_SYS_SOCKET_H 1
| #define SELECT_TYPE_ARG1 int
| #define SELECT_TYPE_ARG234 (fd_set *)
| #define SELECT_TYPE_ARG5 (struct timeval *)
| #define RETSIGTYPE void
| /* end confdefs.h.  */
| #include <stdio.h>
| #ifdef HAVE_SYS_TYPES_H
| # include <sys/types.h>
| #endif
| #ifdef HAVE_SYS_STAT_H
| # include <sys/stat.h>
| #endif
| #ifdef STDC_HEADERS
| # include <stdlib.h>
| # include <stddef.h>
| #else
| # ifdef HAVE_STDLIB_H
| #  include <stdlib.h>
| # endif
| #endif
| #ifdef HAVE_STRING_H
| # if !defined STDC_HEADERS && defined HAVE_MEMORY_H
| #  include <memory.h>
| # endif
| # include <string.h>
| #endif
| #ifdef HAVE_STRINGS_H
| # include <strings.h>
| #endif
| #ifdef HAVE_INTTYPES_H
| # include <inttypes.h>
| #endif
| #ifdef HAVE_STDINT_H
| # include <stdint.h>
| #endif
| #ifdef HAVE_UNISTD_H
| # include <unistd.h>
| #endif
| int
| main ()
| {
| struct stat sbuf;
|      /* Linux will dereference the symlink and fail.
| 	That is better in the sense that it means we will not
| 	have to compile and use the lstat wrapper.  */
|      return lstat ("conftest.sym/", &sbuf) == 0;
|   ;
|   return 0;
| }
configure:5936: result: no
configure:5955: checking whether stat accepts an empty string
configure:5975: gcc -o conftest -Wall -g -D_FILE_OFFSET_BITS=64 -O3 -DNDEBUG  -I/usr/local/include  conftest.c  -L/usr/local/lib >&5
configure:5975: $? = 0
configure:5975: ./conftest
configure:5975: $? = 0
configure:5985: result: no
configure:6003: checking for vprintf
configure:6003: gcc -o conftest -Wall -g -D_FILE_OFFSET_BITS=64 -O3 -DNDEBUG  -I/usr/local/include  conftest.c  -L/usr/local/lib >&5
conftest.c:73: warning: conflicting types for built-in function 'vprintf'
configure:6003: $? = 0
configure:6003: result: yes
configure:6009: checking for _doprnt
configure:6009: gcc -o conftest -Wall -g -D_FILE_OFFSET_BITS=64 -O3 -DNDEBUG  -I/usr/local/include  conftest.c  -L/usr/local/lib >&5
Undefined symbols:
  "__doprnt", referenced from:
      _main in ccmprCOr.o
ld: symbol(s) not found
collect2: ld returned 1 exit status
configure:6009: $? = 1
configure: failed program was:
| /* confdefs.h */
| #define PACKAGE_NAME "sphinx"
| #define PACKAGE_TARNAME "sphinx"
| #define PACKAGE_VERSION "0.9.9"
| #define PACKAGE_STRING "sphinx 0.9.9"
| #define PACKAGE_BUGREPORT "shodan(at)shodan.ru"
| #define PACKAGE_URL ""
| #define PACKAGE "sphinx"
| #define VERSION "0.9.9"
| #define STDC_HEADERS 1
| #define HAVE_SYS_WAIT_H 1
| #define HAVE_SYS_TYPES_H 1
| #define HAVE_SYS_STAT_H 1
| #define HAVE_STDLIB_H 1
| #define HAVE_STRING_H 1
| #define HAVE_MEMORY_H 1
| #define HAVE_STRINGS_H 1
| #define HAVE_INTTYPES_H 1
| #define HAVE_STDINT_H 1
| #define HAVE_UNISTD_H 1
| #define HAVE_FCNTL_H 1
| #define HAVE_LIMITS_H 1
| #define HAVE_NETDB_H 1
| #define HAVE_NETINET_IN_H 1
| #define HAVE_STDLIB_H 1
| #define HAVE_STRING_H 1
| #define HAVE_SYS_FILE_H 1
| #define HAVE_SYS_SOCKET_H 1
| #define HAVE_SYS_TIME_H 1
| #define HAVE_UNISTD_H 1
| #define HAVE_PTHREAD_H 1
| #define HAVE__BOOL 1
| #define HAVE_STDBOOL_H 1
| #define TIME_WITH_SYS_TIME 1
| #define HAVE_FORK 1
| #define HAVE_VFORK 1
| #define HAVE_WORKING_VFORK 1
| #define HAVE_WORKING_FORK 1
| #define HAVE_STDLIB_H 1
| #define HAVE_MALLOC 1
| #define HAVE_STDLIB_H 1
| #define HAVE_REALLOC 1
| #define HAVE_SYS_SELECT_H 1
| #define HAVE_SYS_SOCKET_H 1
| #define SELECT_TYPE_ARG1 int
| #define SELECT_TYPE_ARG234 (fd_set *)
| #define SELECT_TYPE_ARG5 (struct timeval *)
| #define RETSIGTYPE void
| #define HAVE_VPRINTF 1
| /* end confdefs.h.  */
| /* Define _doprnt to an innocuous variant, in case <limits.h> declares _doprnt.
|    For example, HP-UX 11i <limits.h> declares gettimeofday.  */
| #define _doprnt innocuous__doprnt
| 
| /* System header to define __stub macros and hopefully few prototypes,
|     which can conflict with char _doprnt (); below.
|     Prefer <limits.h> to <assert.h> if __STDC__ is defined, since
|     <limits.h> exists even on freestanding compilers.  */
| 
| #ifdef __STDC__
| # include <limits.h>
| #else
| # include <assert.h>
| #endif
| 
| #undef _doprnt
| 
| /* Override any GCC internal prototype to avoid an error.
|    Use char because int might match the return type of a GCC
|    builtin and then its argument prototype would still apply.  */
| #ifdef __cplusplus
| extern "C"
| #endif
| char _doprnt ();
| /* The GNU C library defines this for functions which it implements
|     to always fail with ENOSYS.  Some functions are actually named
|     something starting with __ and the normal name is an alias.  */
| #if defined __stub__doprnt || defined __stub____doprnt
| choke me
| #endif
| 
| int
| main ()
| {
| return _doprnt ();
|   ;
|   return 0;
| }
configure:6009: result: no
configure:6020: checking for library containing setsockopt
configure:6051: gcc -o conftest -Wall -g -D_FILE_OFFSET_BITS=64 -O3 -DNDEBUG  -I/usr/local/include  conftest.c  -L/usr/local/lib >&5
configure:6051: $? = 0
configure:6068: result: none required
configure:6076: checking for library containing gethostbyname
configure:6107: gcc -o conftest -Wall -g -D_FILE_OFFSET_BITS=64 -O3 -DNDEBUG  -I/usr/local/include  conftest.c  -L/usr/local/lib >&5
configure:6107: $? = 0
configure:6124: result: none required
configure:6132: checking for library containing XML_Parse
configure:6163: gcc -o conftest -Wall -g -D_FILE_OFFSET_BITS=64 -O3 -DNDEBUG  -I/usr/local/include  conftest.c  -L/usr/local/lib >&5
Undefined symbols:
  "_XML_Parse", referenced from:
      _main in cc9iLhyK.o
ld: symbol(s) not found
collect2: ld returned 1 exit status
configure:6163: $? = 1
configure: failed program was:
| /* confdefs.h */
| #define PACKAGE_NAME "sphinx"
| #define PACKAGE_TARNAME "sphinx"
| #define PACKAGE_VERSION "0.9.9"
| #define PACKAGE_STRING "sphinx 0.9.9"
| #define PACKAGE_BUGREPORT "shodan(at)shodan.ru"
| #define PACKAGE_URL ""
| #define PACKAGE "sphinx"
| #define VERSION "0.9.9"
| #define STDC_HEADERS 1
| #define HAVE_SYS_WAIT_H 1
| #define HAVE_SYS_TYPES_H 1
| #define HAVE_SYS_STAT_H 1
| #define HAVE_STDLIB_H 1
| #define HAVE_STRING_H 1
| #define HAVE_MEMORY_H 1
| #define HAVE_STRINGS_H 1
| #define HAVE_INTTYPES_H 1
| #define HAVE_STDINT_H 1
| #define HAVE_UNISTD_H 1
| #define HAVE_FCNTL_H 1
| #define HAVE_LIMITS_H 1
| #define HAVE_NETDB_H 1
| #define HAVE_NETINET_IN_H 1
| #define HAVE_STDLIB_H 1
| #define HAVE_STRING_H 1
| #define HAVE_SYS_FILE_H 1
| #define HAVE_SYS_SOCKET_H 1
| #define HAVE_SYS_TIME_H 1
| #define HAVE_UNISTD_H 1
| #define HAVE_PTHREAD_H 1
| #define HAVE__BOOL 1
| #define HAVE_STDBOOL_H 1
| #define TIME_WITH_SYS_TIME 1
| #define HAVE_FORK 1
| #define HAVE_VFORK 1
| #define HAVE_WORKING_VFORK 1
| #define HAVE_WORKING_FORK 1
| #define HAVE_STDLIB_H 1
| #define HAVE_MALLOC 1
| #define HAVE_STDLIB_H 1
| #define HAVE_REALLOC 1
| #define HAVE_SYS_SELECT_H 1
| #define HAVE_SYS_SOCKET_H 1
| #define SELECT_TYPE_ARG1 int
| #define SELECT_TYPE_ARG234 (fd_set *)
| #define SELECT_TYPE_ARG5 (struct timeval *)
| #define RETSIGTYPE void
| #define HAVE_VPRINTF 1
| /* end confdefs.h.  */
| 
| /* Override any GCC internal prototype to avoid an error.
|    Use char because int might match the return type of a GCC
|    builtin and then its argument prototype would still apply.  */
| #ifdef __cplusplus
| extern "C"
| #endif
| char XML_Parse ();
| int
| main ()
| {
| return XML_Parse ();
|   ;
|   return 0;
| }
configure:6163: gcc -o conftest -Wall -g -D_FILE_OFFSET_BITS=64 -O3 -DNDEBUG  -I/usr/local/include  conftest.c -lexpat   -L/usr/local/lib >&5
configure:6163: $? = 0
configure:6180: result: -lexpat
configure:6190: checking for library containing iconv
configure:6221: gcc -o conftest -Wall -g -D_FILE_OFFSET_BITS=64 -O3 -DNDEBUG  -I/usr/local/include  conftest.c -lexpat  -L/usr/local/lib >&5
Undefined symbols:
  "_iconv", referenced from:
      _main in cc5gcwk4.o
ld: symbol(s) not found
collect2: ld returned 1 exit status
configure:6221: $? = 1
configure: failed program was:
| /* confdefs.h */
| #define PACKAGE_NAME "sphinx"
| #define PACKAGE_TARNAME "sphinx"
| #define PACKAGE_VERSION "0.9.9"
| #define PACKAGE_STRING "sphinx 0.9.9"
| #define PACKAGE_BUGREPORT "shodan(at)shodan.ru"
| #define PACKAGE_URL ""
| #define PACKAGE "sphinx"
| #define VERSION "0.9.9"
| #define STDC_HEADERS 1
| #define HAVE_SYS_WAIT_H 1
| #define HAVE_SYS_TYPES_H 1
| #define HAVE_SYS_STAT_H 1
| #define HAVE_STDLIB_H 1
| #define HAVE_STRING_H 1
| #define HAVE_MEMORY_H 1
| #define HAVE_STRINGS_H 1
| #define HAVE_INTTYPES_H 1
| #define HAVE_STDINT_H 1
| #define HAVE_UNISTD_H 1
| #define HAVE_FCNTL_H 1
| #define HAVE_LIMITS_H 1
| #define HAVE_NETDB_H 1
| #define HAVE_NETINET_IN_H 1
| #define HAVE_STDLIB_H 1
| #define HAVE_STRING_H 1
| #define HAVE_SYS_FILE_H 1
| #define HAVE_SYS_SOCKET_H 1
| #define HAVE_SYS_TIME_H 1
| #define HAVE_UNISTD_H 1
| #define HAVE_PTHREAD_H 1
| #define HAVE__BOOL 1
| #define HAVE_STDBOOL_H 1
| #define TIME_WITH_SYS_TIME 1
| #define HAVE_FORK 1
| #define HAVE_VFORK 1
| #define HAVE_WORKING_VFORK 1
| #define HAVE_WORKING_FORK 1
| #define HAVE_STDLIB_H 1
| #define HAVE_MALLOC 1
| #define HAVE_STDLIB_H 1
| #define HAVE_REALLOC 1
| #define HAVE_SYS_SELECT_H 1
| #define HAVE_SYS_SOCKET_H 1
| #define SELECT_TYPE_ARG1 int
| #define SELECT_TYPE_ARG234 (fd_set *)
| #define SELECT_TYPE_ARG5 (struct timeval *)
| #define RETSIGTYPE void
| #define HAVE_VPRINTF 1
| /* end confdefs.h.  */
| 
| /* Override any GCC internal prototype to avoid an error.
|    Use char because int might match the return type of a GCC
|    builtin and then its argument prototype would still apply.  */
| #ifdef __cplusplus
| extern "C"
| #endif
| char iconv ();
| int
| main ()
| {
| return iconv ();
|   ;
|   return 0;
| }
configure:6221: gcc -o conftest -Wall -g -D_FILE_OFFSET_BITS=64 -O3 -DNDEBUG  -I/usr/local/include  conftest.c -liconv  -lexpat  -L/usr/local/lib >&5
configure:6221: $? = 0
configure:6238: result: -liconv
configure:6248: checking for library containing inflate
configure:6279: gcc -o conftest -Wall -g -D_FILE_OFFSET_BITS=64 -O3 -DNDEBUG  -I/usr/local/include  conftest.c -liconv -lexpat  -L/usr/local/lib >&5
Undefined symbols:
  "_inflate", referenced from:
      _main in ccW6RWoz.o
ld: symbol(s) not found
collect2: ld returned 1 exit status
configure:6279: $? = 1
configure: failed program was:
| /* confdefs.h */
| #define PACKAGE_NAME "sphinx"
| #define PACKAGE_TARNAME "sphinx"
| #define PACKAGE_VERSION "0.9.9"
| #define PACKAGE_STRING "sphinx 0.9.9"
| #define PACKAGE_BUGREPORT "shodan(at)shodan.ru"
| #define PACKAGE_URL ""
| #define PACKAGE "sphinx"
| #define VERSION "0.9.9"
| #define STDC_HEADERS 1
| #define HAVE_SYS_WAIT_H 1
| #define HAVE_SYS_TYPES_H 1
| #define HAVE_SYS_STAT_H 1
| #define HAVE_STDLIB_H 1
| #define HAVE_STRING_H 1
| #define HAVE_MEMORY_H 1
| #define HAVE_STRINGS_H 1
| #define HAVE_INTTYPES_H 1
| #define HAVE_STDINT_H 1
| #define HAVE_UNISTD_H 1
| #define HAVE_FCNTL_H 1
| #define HAVE_LIMITS_H 1
| #define HAVE_NETDB_H 1
| #define HAVE_NETINET_IN_H 1
| #define HAVE_STDLIB_H 1
| #define HAVE_STRING_H 1
| #define HAVE_SYS_FILE_H 1
| #define HAVE_SYS_SOCKET_H 1
| #define HAVE_SYS_TIME_H 1
| #define HAVE_UNISTD_H 1
| #define HAVE_PTHREAD_H 1
| #define HAVE__BOOL 1
| #define HAVE_STDBOOL_H 1
| #define TIME_WITH_SYS_TIME 1
| #define HAVE_FORK 1
| #define HAVE_VFORK 1
| #define HAVE_WORKING_VFORK 1
| #define HAVE_WORKING_FORK 1
| #define HAVE_STDLIB_H 1
| #define HAVE_MALLOC 1
| #define HAVE_STDLIB_H 1
| #define HAVE_REALLOC 1
| #define HAVE_SYS_SELECT_H 1
| #define HAVE_SYS_SOCKET_H 1
| #define SELECT_TYPE_ARG1 int
| #define SELECT_TYPE_ARG234 (fd_set *)
| #define SELECT_TYPE_ARG5 (struct timeval *)
| #define RETSIGTYPE void
| #define HAVE_VPRINTF 1
| /* end confdefs.h.  */
| 
| /* Override any GCC internal prototype to avoid an error.
|    Use char because int might match the return type of a GCC
|    builtin and then its argument prototype would still apply.  */
| #ifdef __cplusplus
| extern "C"
| #endif
| char inflate ();
| int
| main ()
| {
| return inflate ();
|   ;
|   return 0;
| }
configure:6279: gcc -o conftest -Wall -g -D_FILE_OFFSET_BITS=64 -O3 -DNDEBUG  -I/usr/local/include  conftest.c -lz  -liconv -lexpat  -L/usr/local/lib >&5
configure:6279: $? = 0
configure:6296: result: -lz
configure:6306: checking for library containing logf
configure:6337: gcc -o conftest -Wall -g -D_FILE_OFFSET_BITS=64 -O3 -DNDEBUG  -I/usr/local/include  conftest.c -lz -liconv -lexpat  -L/usr/local/lib >&5
conftest.c:58: warning: conflicting types for built-in function 'logf'
configure:6337: $? = 0
configure:6354: result: none required
configure:6362: checking for library containing SQLConnect
configure:6393: gcc -o conftest -Wall -g -D_FILE_OFFSET_BITS=64 -O3 -DNDEBUG  -I/usr/local/include  conftest.c -lz -liconv -lexpat  -L/usr/local/lib >&5
Undefined symbols:
  "_SQLConnect", referenced from:
      _main in ccUyhIG0.o
ld: symbol(s) not found
collect2: ld returned 1 exit status
configure:6393: $? = 1
configure: failed program was:
| /* confdefs.h */
| #define PACKAGE_NAME "sphinx"
| #define PACKAGE_TARNAME "sphinx"
| #define PACKAGE_VERSION "0.9.9"
| #define PACKAGE_STRING "sphinx 0.9.9"
| #define PACKAGE_BUGREPORT "shodan(at)shodan.ru"
| #define PACKAGE_URL ""
| #define PACKAGE "sphinx"
| #define VERSION "0.9.9"
| #define STDC_HEADERS 1
| #define HAVE_SYS_WAIT_H 1
| #define HAVE_SYS_TYPES_H 1
| #define HAVE_SYS_STAT_H 1
| #define HAVE_STDLIB_H 1
| #define HAVE_STRING_H 1
| #define HAVE_MEMORY_H 1
| #define HAVE_STRINGS_H 1
| #define HAVE_INTTYPES_H 1
| #define HAVE_STDINT_H 1
| #define HAVE_UNISTD_H 1
| #define HAVE_FCNTL_H 1
| #define HAVE_LIMITS_H 1
| #define HAVE_NETDB_H 1
| #define HAVE_NETINET_IN_H 1
| #define HAVE_STDLIB_H 1
| #define HAVE_STRING_H 1
| #define HAVE_SYS_FILE_H 1
| #define HAVE_SYS_SOCKET_H 1
| #define HAVE_SYS_TIME_H 1
| #define HAVE_UNISTD_H 1
| #define HAVE_PTHREAD_H 1
| #define HAVE__BOOL 1
| #define HAVE_STDBOOL_H 1
| #define TIME_WITH_SYS_TIME 1
| #define HAVE_FORK 1
| #define HAVE_VFORK 1
| #define HAVE_WORKING_VFORK 1
| #define HAVE_WORKING_FORK 1
| #define HAVE_STDLIB_H 1
| #define HAVE_MALLOC 1
| #define HAVE_STDLIB_H 1
| #define HAVE_REALLOC 1
| #define HAVE_SYS_SELECT_H 1
| #define HAVE_SYS_SOCKET_H 1
| #define SELECT_TYPE_ARG1 int
| #define SELECT_TYPE_ARG234 (fd_set *)
| #define SELECT_TYPE_ARG5 (struct timeval *)
| #define RETSIGTYPE void
| #define HAVE_VPRINTF 1
| /* end confdefs.h.  */
| 
| /* Override any GCC internal prototype to avoid an error.
|    Use char because int might match the return type of a GCC
|    builtin and then its argument prototype would still apply.  */
| #ifdef __cplusplus
| extern "C"
| #endif
| char SQLConnect ();
| int
| main ()
| {
| return SQLConnect ();
|   ;
|   return 0;
| }
configure:6393: gcc -o conftest -Wall -g -D_FILE_OFFSET_BITS=64 -O3 -DNDEBUG  -I/usr/local/include  conftest.c -lodbc  -lz -liconv -lexpat  -L/usr/local/lib >&5
configure:6393: $? = 0
configure:6410: result: -lodbc
configure:6423: checking for dup2
configure:6423: gcc -o conftest -Wall -g -D_FILE_OFFSET_BITS=64 -O3 -DNDEBUG  -I/usr/local/include  conftest.c -lodbc -lz -liconv -lexpat  -L/usr/local/lib >&5
configure:6423: $? = 0
configure:6423: result: yes
configure:6423: checking for gethostbyname
configure:6423: gcc -o conftest -Wall -g -D_FILE_OFFSET_BITS=64 -O3 -DNDEBUG  -I/usr/local/include  conftest.c -lodbc -lz -liconv -lexpat  -L/usr/local/lib >&5
configure:6423: $? = 0
configure:6423: result: yes
configure:6423: checking for gettimeofday
configure:6423: gcc -o conftest -Wall -g -D_FILE_OFFSET_BITS=64 -O3 -DNDEBUG  -I/usr/local/include  conftest.c -lodbc -lz -liconv -lexpat  -L/usr/local/lib >&5
configure:6423: $? = 0
configure:6423: result: yes
configure:6423: checking for memmove
configure:6423: gcc -o conftest -Wall -g -D_FILE_OFFSET_BITS=64 -O3 -DNDEBUG  -I/usr/local/include  conftest.c -lodbc -lz -liconv -lexpat  -L/usr/local/lib >&5
conftest.c:77: warning: conflicting types for built-in function 'memmove'
configure:6423: $? = 0
configure:6423: result: yes
configure:6423: checking for memset
configure:6423: gcc -o conftest -Wall -g -D_FILE_OFFSET_BITS=64 -O3 -DNDEBUG  -I/usr/local/include  conftest.c -lodbc -lz -liconv -lexpat  -L/usr/local/lib >&5
conftest.c:78: warning: conflicting types for built-in function 'memset'
configure:6423: $? = 0
configure:6423: result: yes
configure:6423: checking for select
configure:6423: gcc -o conftest -Wall -g -D_FILE_OFFSET_BITS=64 -O3 -DNDEBUG  -I/usr/local/include  conftest.c -lodbc -lz -liconv -lexpat  -L/usr/local/lib >&5
configure:6423: $? = 0
configure:6423: result: yes
configure:6423: checking for socket
configure:6423: gcc -o conftest -Wall -g -D_FILE_OFFSET_BITS=64 -O3 -DNDEBUG  -I/usr/local/include  conftest.c -lodbc -lz -liconv -lexpat  -L/usr/local/lib >&5
configure:6423: $? = 0
configure:6423: result: yes
configure:6423: checking for strcasecmp
configure:6423: gcc -o conftest -Wall -g -D_FILE_OFFSET_BITS=64 -O3 -DNDEBUG  -I/usr/local/include  conftest.c -lodbc -lz -liconv -lexpat  -L/usr/local/lib >&5
conftest.c:81: warning: conflicting types for built-in function 'strcasecmp'
configure:6423: $? = 0
configure:6423: result: yes
configure:6423: checking for strchr
configure:6423: gcc -o conftest -Wall -g -D_FILE_OFFSET_BITS=64 -O3 -DNDEBUG  -I/usr/local/include  conftest.c -lodbc -lz -liconv -lexpat  -L/usr/local/lib >&5
conftest.c:82: warning: conflicting types for built-in function 'strchr'
configure:6423: $? = 0
configure:6423: result: yes
configure:6423: checking for strerror
configure:6423: gcc -o conftest -Wall -g -D_FILE_OFFSET_BITS=64 -O3 -DNDEBUG  -I/usr/local/include  conftest.c -lodbc -lz -liconv -lexpat  -L/usr/local/lib >&5
configure:6423: $? = 0
configure:6423: result: yes
configure:6423: checking for strncasecmp
configure:6423: gcc -o conftest -Wall -g -D_FILE_OFFSET_BITS=64 -O3 -DNDEBUG  -I/usr/local/include  conftest.c -lodbc -lz -liconv -lexpat  -L/usr/local/lib >&5
conftest.c:84: warning: conflicting types for built-in function 'strncasecmp'
configure:6423: $? = 0
configure:6423: result: yes
configure:6423: checking for strstr
configure:6423: gcc -o conftest -Wall -g -D_FILE_OFFSET_BITS=64 -O3 -DNDEBUG  -I/usr/local/include  conftest.c -lodbc -lz -liconv -lexpat  -L/usr/local/lib >&5
conftest.c:85: warning: conflicting types for built-in function 'strstr'
configure:6423: $? = 0
configure:6423: result: yes
configure:6423: checking for strtol
configure:6423: gcc -o conftest -Wall -g -D_FILE_OFFSET_BITS=64 -O3 -DNDEBUG  -I/usr/local/include  conftest.c -lodbc -lz -liconv -lexpat  -L/usr/local/lib >&5
configure:6423: $? = 0
configure:6423: result: yes
configure:6423: checking for logf
configure:6423: gcc -o conftest -Wall -g -D_FILE_OFFSET_BITS=64 -O3 -DNDEBUG  -I/usr/local/include  conftest.c -lodbc -lz -liconv -lexpat  -L/usr/local/lib >&5
conftest.c:87: warning: conflicting types for built-in function 'logf'
configure:6423: $? = 0
configure:6423: result: yes
configure:6423: checking for pread
configure:6423: gcc -o conftest -Wall -g -D_FILE_OFFSET_BITS=64 -O3 -DNDEBUG  -I/usr/local/include  conftest.c -lodbc -lz -liconv -lexpat  -L/usr/local/lib >&5
configure:6423: $? = 0
configure:6423: result: yes
configure:6438: checking for clock_gettime in -lrt
configure:6463: gcc -o conftest -Wall -g -D_FILE_OFFSET_BITS=64 -O3 -DNDEBUG  -I/usr/local/include  conftest.c -lrt   >&5
ld: library not found for -lrt
collect2: ld returned 1 exit status
configure:6463: $? = 1
configure: failed program was:
| /* confdefs.h */
| #define PACKAGE_NAME "sphinx"
| #define PACKAGE_TARNAME "sphinx"
| #define PACKAGE_VERSION "0.9.9"
| #define PACKAGE_STRING "sphinx 0.9.9"
| #define PACKAGE_BUGREPORT "shodan(at)shodan.ru"
| #define PACKAGE_URL ""
| #define PACKAGE "sphinx"
| #define VERSION "0.9.9"
| #define STDC_HEADERS 1
| #define HAVE_SYS_WAIT_H 1
| #define HAVE_SYS_TYPES_H 1
| #define HAVE_SYS_STAT_H 1
| #define HAVE_STDLIB_H 1
| #define HAVE_STRING_H 1
| #define HAVE_MEMORY_H 1
| #define HAVE_STRINGS_H 1
| #define HAVE_INTTYPES_H 1
| #define HAVE_STDINT_H 1
| #define HAVE_UNISTD_H 1
| #define HAVE_FCNTL_H 1
| #define HAVE_LIMITS_H 1
| #define HAVE_NETDB_H 1
| #define HAVE_NETINET_IN_H 1
| #define HAVE_STDLIB_H 1
| #define HAVE_STRING_H 1
| #define HAVE_SYS_FILE_H 1
| #define HAVE_SYS_SOCKET_H 1
| #define HAVE_SYS_TIME_H 1
| #define HAVE_UNISTD_H 1
| #define HAVE_PTHREAD_H 1
| #define HAVE__BOOL 1
| #define HAVE_STDBOOL_H 1
| #define TIME_WITH_SYS_TIME 1
| #define HAVE_FORK 1
| #define HAVE_VFORK 1
| #define HAVE_WORKING_VFORK 1
| #define HAVE_WORKING_FORK 1
| #define HAVE_STDLIB_H 1
| #define HAVE_MALLOC 1
| #define HAVE_STDLIB_H 1
| #define HAVE_REALLOC 1
| #define HAVE_SYS_SELECT_H 1
| #define HAVE_SYS_SOCKET_H 1
| #define SELECT_TYPE_ARG1 int
| #define SELECT_TYPE_ARG234 (fd_set *)
| #define SELECT_TYPE_ARG5 (struct timeval *)
| #define RETSIGTYPE void
| #define HAVE_VPRINTF 1
| #define HAVE_DUP2 1
| #define HAVE_GETHOSTBYNAME 1
| #define HAVE_GETTIMEOFDAY 1
| #define HAVE_MEMMOVE 1
| #define HAVE_MEMSET 1
| #define HAVE_SELECT 1
| #define HAVE_SOCKET 1
| #define HAVE_STRCASECMP 1
| #define HAVE_STRCHR 1
| #define HAVE_STRERROR 1
| #define HAVE_STRNCASECMP 1
| #define HAVE_STRSTR 1
| #define HAVE_STRTOL 1
| #define HAVE_LOGF 1
| #define HAVE_PREAD 1
| /* end confdefs.h.  */
| 
| /* Override any GCC internal prototype to avoid an error.
|    Use char because int might match the return type of a GCC
|    builtin and then its argument prototype would still apply.  */
| #ifdef __cplusplus
| extern "C"
| #endif
| char clock_gettime ();
| int
| main ()
| {
| return clock_gettime ();
|   ;
|   return 0;
| }
configure:6472: result: no
configure:6491: checking for clock_gettime
configure:6491: gcc -o conftest -Wall -g -D_FILE_OFFSET_BITS=64 -O3 -DNDEBUG  -I/usr/local/include  conftest.c -lodbc -lz -liconv -lexpat  -L/usr/local/lib  >&5
Undefined symbols:
  "_clock_gettime", referenced from:
      _main in ccxxo1lE.o
ld: symbol(s) not found
collect2: ld returned 1 exit status
configure:6491: $? = 1
configure: failed program was:
| /* confdefs.h */
| #define PACKAGE_NAME "sphinx"
| #define PACKAGE_TARNAME "sphinx"
| #define PACKAGE_VERSION "0.9.9"
| #define PACKAGE_STRING "sphinx 0.9.9"
| #define PACKAGE_BUGREPORT "shodan(at)shodan.ru"
| #define PACKAGE_URL ""
| #define PACKAGE "sphinx"
| #define VERSION "0.9.9"
| #define STDC_HEADERS 1
| #define HAVE_SYS_WAIT_H 1
| #define HAVE_SYS_TYPES_H 1
| #define HAVE_SYS_STAT_H 1
| #define HAVE_STDLIB_H 1
| #define HAVE_STRING_H 1
| #define HAVE_MEMORY_H 1
| #define HAVE_STRINGS_H 1
| #define HAVE_INTTYPES_H 1
| #define HAVE_STDINT_H 1
| #define HAVE_UNISTD_H 1
| #define HAVE_FCNTL_H 1
| #define HAVE_LIMITS_H 1
| #define HAVE_NETDB_H 1
| #define HAVE_NETINET_IN_H 1
| #define HAVE_STDLIB_H 1
| #define HAVE_STRING_H 1
| #define HAVE_SYS_FILE_H 1
| #define HAVE_SYS_SOCKET_H 1
| #define HAVE_SYS_TIME_H 1
| #define HAVE_UNISTD_H 1
| #define HAVE_PTHREAD_H 1
| #define HAVE__BOOL 1
| #define HAVE_STDBOOL_H 1
| #define TIME_WITH_SYS_TIME 1
| #define HAVE_FORK 1
| #define HAVE_VFORK 1
| #define HAVE_WORKING_VFORK 1
| #define HAVE_WORKING_FORK 1
| #define HAVE_STDLIB_H 1
| #define HAVE_MALLOC 1
| #define HAVE_STDLIB_H 1
| #define HAVE_REALLOC 1
| #define HAVE_SYS_SELECT_H 1
| #define HAVE_SYS_SOCKET_H 1
| #define SELECT_TYPE_ARG1 int
| #define SELECT_TYPE_ARG234 (fd_set *)
| #define SELECT_TYPE_ARG5 (struct timeval *)
| #define RETSIGTYPE void
| #define HAVE_VPRINTF 1
| #define HAVE_DUP2 1
| #define HAVE_GETHOSTBYNAME 1
| #define HAVE_GETTIMEOFDAY 1
| #define HAVE_MEMMOVE 1
| #define HAVE_MEMSET 1
| #define HAVE_SELECT 1
| #define HAVE_SOCKET 1
| #define HAVE_STRCASECMP 1
| #define HAVE_STRCHR 1
| #define HAVE_STRERROR 1
| #define HAVE_STRNCASECMP 1
| #define HAVE_STRSTR 1
| #define HAVE_STRTOL 1
| #define HAVE_LOGF 1
| #define HAVE_PREAD 1
| /* end confdefs.h.  */
| /* Define clock_gettime to an innocuous variant, in case <limits.h> declares clock_gettime.
|    For example, HP-UX 11i <limits.h> declares gettimeofday.  */
| #define clock_gettime innocuous_clock_gettime
| 
| /* System header to define __stub macros and hopefully few prototypes,
|     which can conflict with char clock_gettime (); below.
|     Prefer <limits.h> to <assert.h> if __STDC__ is defined, since
|     <limits.h> exists even on freestanding compilers.  */
| 
| #ifdef __STDC__
| # include <limits.h>
| #else
| # include <assert.h>
| #endif
| 
| #undef clock_gettime
| 
| /* Override any GCC internal prototype to avoid an error.
|    Use char because int might match the return type of a GCC
|    builtin and then its argument prototype would still apply.  */
| #ifdef __cplusplus
| extern "C"
| #endif
| char clock_gettime ();
| /* The GNU C library defines this for functions which it implements
|     to always fail with ENOSYS.  Some functions are actually named
|     something starting with __ and the normal name is an alias.  */
| #if defined __stub_clock_gettime || defined __stub___clock_gettime
| choke me
| #endif
| 
| int
| main ()
| {
| return clock_gettime ();
|   ;
|   return 0;
| }
configure:6491: result: no
configure:6502: checking for LOCK_EX in sys/file.h
configure:6527: result: yes
configure:6536: checking for F_SETLKW in fcntl.h
configure:6561: result: yes
configure:6572: result: 
configure:6574: result: configuring Sphinx
configure:6577: result: ------------------
configure:6579: result: 
configure:6589: checking for CFLAGS needed for pthreads
configure:6626: gcc -o conftest -Wall -g -D_FILE_OFFSET_BITS=64 -O3 -DNDEBUG  -I/usr/local/include  conftest.c -lodbc -lz -liconv -lexpat  -L/usr/local/lib  >&5
conftest.c: In function 'main':
conftest.c:81: warning: unused variable 'once_init'
configure:6626: $? = 0
configure:6626: ./conftest
configure:6626: $? = 0
configure:6647: result: none
configure:6658: checking for LIBS needed for pthreads
configure:6694: gcc -o conftest -Wall -g -D_FILE_OFFSET_BITS=64 -O3 -DNDEBUG  -I/usr/local/include  conftest.c -lodbc -lz -liconv -lexpat  -L/usr/local/lib  -lpthread >&5
conftest.c: In function 'main':
conftest.c:81: warning: unused variable 'once_init'
configure:6694: $? = 0
configure:6694: ./conftest
configure:6694: $? = 0
configure:6715: result: -lpthread
configure:6724: checking for pthreads
configure:6727: result: found
configure:6744: checking whether to compile with MySQL support
configure:6994: result: no
configure:7017: checking whether to compile with PostgreSQL support
configure:7155: result: no
configure:7182: checking whether to compile with libmmseg support
configure:7185: result: yes
configure:7252: checking libmmseg include files
configure:7265: result: -I/usr/local/mmseg3/include/mmseg/
configure:7269: checking libmmseg libraries
configure:7282: result: -L/usr/local/mmseg3/lib/ -lmmseg
configure:7320: checking whether to use 64-bit document/word IDs
configure:7338: result: no
configure:7353: checking whether to compile with libstemmer support
configure:7371: result: no
configure:7388: checking for libexpat
configure:7394: result: found
configure:7414: checking for libiconv
configure:7424: result: found
configure:7427: checking for iconv() arg types
configure:7452: g++ -c -Wall -g -D_FILE_OFFSET_BITS=64 -O3 -DNDEBUG  -I/usr/local/include   -I/usr/local/mmseg3/include/mmseg/  conftest.cpp >&5
conftest.cpp: In function 'int main()':
conftest.cpp:81: error: invalid conversion from 'const char**' to 'char**'
conftest.cpp:81: error:   initializing argument 2 of 'size_t iconv(void*, char**, size_t*, char**, size_t*)'
configure:7452: $? = 1
configure: failed program was:
| /* confdefs.h */
| #define PACKAGE_NAME "sphinx"
| #define PACKAGE_TARNAME "sphinx"
| #define PACKAGE_VERSION "0.9.9"
| #define PACKAGE_STRING "sphinx 0.9.9"
| #define PACKAGE_BUGREPORT "shodan(at)shodan.ru"
| #define PACKAGE_URL ""
| #define PACKAGE "sphinx"
| #define VERSION "0.9.9"
| #define STDC_HEADERS 1
| #define HAVE_SYS_WAIT_H 1
| #define HAVE_SYS_TYPES_H 1
| #define HAVE_SYS_STAT_H 1
| #define HAVE_STDLIB_H 1
| #define HAVE_STRING_H 1
| #define HAVE_MEMORY_H 1
| #define HAVE_STRINGS_H 1
| #define HAVE_INTTYPES_H 1
| #define HAVE_STDINT_H 1
| #define HAVE_UNISTD_H 1
| #define HAVE_FCNTL_H 1
| #define HAVE_LIMITS_H 1
| #define HAVE_NETDB_H 1
| #define HAVE_NETINET_IN_H 1
| #define HAVE_STDLIB_H 1
| #define HAVE_STRING_H 1
| #define HAVE_SYS_FILE_H 1
| #define HAVE_SYS_SOCKET_H 1
| #define HAVE_SYS_TIME_H 1
| #define HAVE_UNISTD_H 1
| #define HAVE_PTHREAD_H 1
| #define HAVE__BOOL 1
| #define HAVE_STDBOOL_H 1
| #define TIME_WITH_SYS_TIME 1
| #define HAVE_FORK 1
| #define HAVE_VFORK 1
| #define HAVE_WORKING_VFORK 1
| #define HAVE_WORKING_FORK 1
| #define HAVE_STDLIB_H 1
| #define HAVE_MALLOC 1
| #define HAVE_STDLIB_H 1
| #define HAVE_REALLOC 1
| #define HAVE_SYS_SELECT_H 1
| #define HAVE_SYS_SOCKET_H 1
| #define SELECT_TYPE_ARG1 int
| #define SELECT_TYPE_ARG234 (fd_set *)
| #define SELECT_TYPE_ARG5 (struct timeval *)
| #define RETSIGTYPE void
| #define HAVE_VPRINTF 1
| #define HAVE_DUP2 1
| #define HAVE_GETHOSTBYNAME 1
| #define HAVE_GETTIMEOFDAY 1
| #define HAVE_MEMMOVE 1
| #define HAVE_MEMSET 1
| #define HAVE_SELECT 1
| #define HAVE_SOCKET 1
| #define HAVE_STRCASECMP 1
| #define HAVE_STRCHR 1
| #define HAVE_STRERROR 1
| #define HAVE_STRNCASECMP 1
| #define HAVE_STRSTR 1
| #define HAVE_STRTOL 1
| #define HAVE_LOGF 1
| #define HAVE_PREAD 1
| #define HAVE_LOCK_EX 1
| #define HAVE_F_SETLKW 1
| #define USE_MMSEG 1
| #define USE_64BIT 0
| #define USE_LIBSTEMMER 0
| #define USE_LIBEXPAT 1
| #define USE_LIBICONV 1
| /* end confdefs.h.  */
| 
| 			#include <iconv.h>
| 			#include <stdio.h>
| int
| main ()
| {
| const char * inbuf;
| 			iconv_t cd;
| 			iconv ( cd, &inbuf, NULL, NULL, NULL );
| 
|   ;
|   return 0;
| }
configure:7474: result: char **
configure:7511: checking for UnixODBC
configure:7518: result: found
configure:7532: checking for unaligned RAM access
configure:7576: g++ -o conftest -Wall -g -D_FILE_OFFSET_BITS=64 -O3 -DNDEBUG  -I/usr/local/include   -I/usr/local/mmseg3/include/mmseg/   conftest.cpp -lodbc -lz -liconv -lexpat  -L/usr/local/lib  -lpthread  >&5
conftest.cpp: In function 'int main()':
conftest.cpp:83: warning: comparison between signed and unsigned integer expressions
configure:7576: $? = 0
configure:7576: ./conftest
configure:7576: $? = 0
configure:7577: result: yes
configure:7595: result: 
configure:7597: result: generating configuration files
configure:7600: result: ------------------------------
configure:7602: result: 
configure:7764: creating ./config.status

## ---------------------- ##
## Running config.status. ##
## ---------------------- ##

This file was extended by sphinx config.status 0.9.9, which was
generated by GNU Autoconf 2.64.  Invocation command line was

  CONFIG_FILES    = 
  CONFIG_HEADERS  = 
  CONFIG_LINKS    = 
  CONFIG_COMMANDS = 
  $ ./config.status 

on huacnlee-mac.local

config.status:946: creating Makefile
config.status:946: creating src/Makefile
config.status:946: creating libstemmer_c/Makefile
config.status:946: creating sphinx.conf.dist
config.status:946: creating sphinx-min.conf.dist
config.status:946: creating config/config.h
config.status:1166: executing depfiles commands
configure:9079: result: 
configure:9081: result: configuration done
configure:9084: result: ------------------
configure:9086: result: 

## ---------------- ##
## Cache variables. ##
## ---------------- ##

ac_cv_c_compiler_gnu=yes
ac_cv_c_const=yes
ac_cv_c_inline=inline
ac_cv_cxx_compiler_gnu=yes
ac_cv_define_F_SETLKW=yes
ac_cv_define_LOCK_EX=yes
ac_cv_env_CCC_set=
ac_cv_env_CCC_value=
ac_cv_env_CC_set=
ac_cv_env_CC_value=
ac_cv_env_CFLAGS_set=
ac_cv_env_CFLAGS_value=
ac_cv_env_CPPFLAGS_set=
ac_cv_env_CPPFLAGS_value=
ac_cv_env_CPP_set=
ac_cv_env_CPP_value=
ac_cv_env_CXXFLAGS_set=
ac_cv_env_CXXFLAGS_value=
ac_cv_env_CXX_set=
ac_cv_env_CXX_value=
ac_cv_env_LDFLAGS_set=
ac_cv_env_LDFLAGS_value=
ac_cv_env_LIBS_set=
ac_cv_env_LIBS_value=
ac_cv_env_PYTHON_set=
ac_cv_env_PYTHON_value=
ac_cv_env_build_alias_set=
ac_cv_env_build_alias_value=
ac_cv_env_host_alias_set=
ac_cv_env_host_alias_value=
ac_cv_env_target_alias_set=
ac_cv_env_target_alias_value=
ac_cv_func__doprnt=no
ac_cv_func_clock_gettime=no
ac_cv_func_dup2=yes
ac_cv_func_fork=yes
ac_cv_func_fork_works=yes
ac_cv_func_gethostbyname=yes
ac_cv_func_gettimeofday=yes
ac_cv_func_logf=yes
ac_cv_func_lstat_dereferences_slashed_symlink=no
ac_cv_func_malloc_0_nonnull=yes
ac_cv_func_memmove=yes
ac_cv_func_memset=yes
ac_cv_func_pread=yes
ac_cv_func_realloc_0_nonnull=yes
ac_cv_func_select=yes
ac_cv_func_select_args='int,fd_set *,struct timeval *'
ac_cv_func_socket=yes
ac_cv_func_stat_empty_string_bug=no
ac_cv_func_strcasecmp=yes
ac_cv_func_strchr=yes
ac_cv_func_strerror=yes
ac_cv_func_strncasecmp=yes
ac_cv_func_strstr=yes
ac_cv_func_strtol=yes
ac_cv_func_vfork=yes
ac_cv_func_vfork_works=yes
ac_cv_func_vprintf=yes
ac_cv_header_expat_h=yes
ac_cv_header_fcntl_h=yes
ac_cv_header_iconv_h=yes
ac_cv_header_inttypes_h=yes
ac_cv_header_limits_h=yes
ac_cv_header_memory_h=yes
ac_cv_header_netdb_h=yes
ac_cv_header_netinet_in_h=yes
ac_cv_header_pthread_h=yes
ac_cv_header_sql_h=yes
ac_cv_header_stdbool_h=yes
ac_cv_header_stdc=yes
ac_cv_header_stdint_h=yes
ac_cv_header_stdlib_h=yes
ac_cv_header_string_h=yes
ac_cv_header_strings_h=yes
ac_cv_header_sys_file_h=yes
ac_cv_header_sys_select_h=yes
ac_cv_header_sys_socket_h=yes
ac_cv_header_sys_stat_h=yes
ac_cv_header_sys_time_h=yes
ac_cv_header_sys_types_h=yes
ac_cv_header_sys_wait_h=yes
ac_cv_header_time=yes
ac_cv_header_unistd_h=yes
ac_cv_header_vfork_h=no
ac_cv_header_zlib_h=yes
ac_cv_lib_rt_clock_gettime=no
ac_cv_mmseg_includes=/usr/local/mmseg3/include/mmseg/
ac_cv_mmseg_libs=/usr/local/mmseg3/lib/
ac_cv_objext=o
ac_cv_path_EGREP='/usr/bin/grep -E'
ac_cv_path_GREP=/usr/bin/grep
ac_cv_path_install='/usr/bin/install -c'
ac_cv_prog_AWK=awk
ac_cv_prog_CPP='gcc -E'
ac_cv_prog_ac_ct_CC=gcc
ac_cv_prog_ac_ct_CXX=g++
ac_cv_prog_ac_ct_RANLIB=ranlib
ac_cv_prog_cc_c89=
ac_cv_prog_cc_g=yes
ac_cv_prog_cxx_g=yes
ac_cv_prog_make_make_set=yes
ac_cv_search_SQLConnect=-lodbc
ac_cv_search_XML_Parse=-lexpat
ac_cv_search_gethostbyname='none required'
ac_cv_search_iconv=-liconv
ac_cv_search_inflate=-lz
ac_cv_search_logf='none required'
ac_cv_search_setsockopt='none required'
ac_cv_type__Bool=yes
ac_cv_type_off_t=yes
ac_cv_type_pid_t=yes
ac_cv_type_signal=void
ac_cv_type_size_t=yes
ac_cv_use_debug=no
ac_cv_use_iconv=yes
ac_cv_use_libstemmer=no
ac_cv_use_mmseg=yes
ac_cv_use_mysql=no
ac_cv_use_pgsql=no
ac_cv_use_unixodbc=yes
am_cv_CC_dependencies_compiler_type=gcc3
am_cv_CXX_dependencies_compiler_type=gcc3

## ----------------- ##
## Output variables. ##
## ----------------- ##

ACLOCAL='${SHELL} /Users/jason/work/loofang/packages/coreseek-3.2.13/csft-3.2.13/config/missing --run aclocal-1.11'
AMDEPBACKSLASH='\'
AMDEP_FALSE='#'
AMDEP_TRUE=''
AMTAR='${SHELL} /Users/jason/work/loofang/packages/coreseek-3.2.13/csft-3.2.13/config/missing --run tar'
AUTOCONF='${SHELL} /Users/jason/work/loofang/packages/coreseek-3.2.13/csft-3.2.13/config/missing --run autoconf'
AUTOHEADER='${SHELL} /Users/jason/work/loofang/packages/coreseek-3.2.13/csft-3.2.13/config/missing --run autoheader'
AUTOMAKE='${SHELL} /Users/jason/work/loofang/packages/coreseek-3.2.13/csft-3.2.13/config/missing --run automake-1.11'
AWK='awk'
CC='gcc'
CCDEPMODE='depmode=gcc3'
CFLAGS='-Wall -g -D_FILE_OFFSET_BITS=64 -O3 -DNDEBUG'
CONFDIR='/usr/local/coreseek/var'
CPP='gcc -E'
CPPFLAGS=' -I/usr/local/include   -I/usr/local/mmseg3/include/mmseg/ '
CXX='g++'
CXXDEPMODE='depmode=gcc3'
CXXFLAGS='-Wall -g -D_FILE_OFFSET_BITS=64 -O3 -DNDEBUG'
CYGPATH_W='echo'
DEFS='-DHAVE_CONFIG_H'
DEPDIR='.deps'
ECHO_C='\c'
ECHO_N=''
ECHO_T=''
EGREP='/usr/bin/grep -E'
EXEEXT=''
GREP='/usr/bin/grep'
INSTALL_DATA='${INSTALL} -m 644'
INSTALL_PROGRAM='${INSTALL}'
INSTALL_SCRIPT='${INSTALL}'
INSTALL_STRIP_PROGRAM='$(install_sh) -c -s'
LDFLAGS=''
LIBOBJS=' ${LIBOBJDIR}lstat$U.o'
LIBRT=''
LIBS='-lodbc -lz -liconv -lexpat  -L/usr/local/lib  -lpthread '
LTLIBOBJS=' ${LIBOBJDIR}lstat$U.lo'
MAINT='#'
MAINTAINER_MODE_FALSE=''
MAINTAINER_MODE_TRUE='#'
MAKEINFO='${SHELL} /Users/jason/work/loofang/packages/coreseek-3.2.13/csft-3.2.13/config/missing --run makeinfo'
MKDIR_P='config/install-sh -c -d'
MMSEG_CFLAGS='-I/usr/local/mmseg3/include/mmseg/'
MMSEG_LIBS='-L/usr/local/mmseg3/lib/ -lmmseg'
MYSQL_CFLAGS=''
MYSQL_LIBS=''
OBJEXT='o'
PACKAGE='sphinx'
PACKAGE_BUGREPORT='shodan(at)shodan.ru'
PACKAGE_NAME='sphinx'
PACKAGE_STRING='sphinx 0.9.9'
PACKAGE_TARNAME='sphinx'
PACKAGE_URL=''
PACKAGE_VERSION='0.9.9'
PATH_SEPARATOR=':'
PGSQL_CFLAGS=''
PGSQL_LIBS=''
PYTHON=''
PYTHON_CPPFLAGS=''
PYTHON_EXEC_PREFIX=''
PYTHON_LIBS=''
PYTHON_PLATFORM=''
PYTHON_PREFIX=''
PYTHON_VERSION=''
RANLIB='ranlib'
SET_MAKE=''
SHELL='/bin/sh'
STRIP=''
USE_LIBSTEMMER_FALSE=''
USE_LIBSTEMMER_TRUE='#'
USE_MMSEG_FALSE='#'
USE_MMSEG_TRUE=''
USE_MYSQL_FALSE=''
USE_MYSQL_TRUE='#'
USE_PGSQL_FALSE=''
USE_PGSQL_TRUE='#'
USE_PYTHON_FALSE=''
USE_PYTHON_TRUE='#'
VERSION='0.9.9'
ac_ct_CC='gcc'
ac_ct_CXX='g++'
am__EXEEXT_FALSE=''
am__EXEEXT_TRUE='#'
am__fastdepCC_FALSE='#'
am__fastdepCC_TRUE=''
am__fastdepCXX_FALSE='#'
am__fastdepCXX_TRUE=''
am__include='include'
am__isrc=''
am__leading_dot='.'
am__quote=''
am__tar='${AMTAR} chof - "$$tardir"'
am__untar='${AMTAR} xf -'
bindir='${exec_prefix}/bin'
build_alias=''
datadir='${datarootdir}'
datarootdir='${prefix}/share'
docdir='${datarootdir}/doc/${PACKAGE_TARNAME}'
dvidir='${docdir}'
exec_prefix='${prefix}'
host_alias=''
htmldir='${docdir}'
includedir='${prefix}/include'
infodir='${datarootdir}/info'
install_sh='${SHELL} /Users/jason/work/loofang/packages/coreseek-3.2.13/csft-3.2.13/config/install-sh'
libdir='${exec_prefix}/lib'
libexecdir='${exec_prefix}/libexec'
localedir='${datarootdir}/locale'
localstatedir='${prefix}/var'
mandir='${datarootdir}/man'
mkdir_p='$(top_builddir)/config/install-sh -c -d'
oldincludedir='/usr/include'
pdfdir='${docdir}'
pgconfig=''
pkgpyexecdir=''
pkgpythondir=''
prefix='/usr/local/coreseek'
program_transform_name='s,x,x,'
psdir='${docdir}'
pyexecdir=''
pythondir=''
sbindir='${exec_prefix}/sbin'
sharedstatedir='${prefix}/com'
sysconfdir='${prefix}/etc'
target_alias=''

## ----------- ##
## confdefs.h. ##
## ----------- ##

/* confdefs.h */
#define PACKAGE_NAME "sphinx"
#define PACKAGE_TARNAME "sphinx"
#define PACKAGE_VERSION "0.9.9"
#define PACKAGE_STRING "sphinx 0.9.9"
#define PACKAGE_BUGREPORT "shodan(at)shodan.ru"
#define PACKAGE_URL ""
#define PACKAGE "sphinx"
#define VERSION "0.9.9"
#define STDC_HEADERS 1
#define HAVE_SYS_WAIT_H 1
#define HAVE_SYS_TYPES_H 1
#define HAVE_SYS_STAT_H 1
#define HAVE_STDLIB_H 1
#define HAVE_STRING_H 1
#define HAVE_MEMORY_H 1
#define HAVE_STRINGS_H 1
#define HAVE_INTTYPES_H 1
#define HAVE_STDINT_H 1
#define HAVE_UNISTD_H 1
#define HAVE_FCNTL_H 1
#define HAVE_LIMITS_H 1
#define HAVE_NETDB_H 1
#define HAVE_NETINET_IN_H 1
#define HAVE_STDLIB_H 1
#define HAVE_STRING_H 1
#define HAVE_SYS_FILE_H 1
#define HAVE_SYS_SOCKET_H 1
#define HAVE_SYS_TIME_H 1
#define HAVE_UNISTD_H 1
#define HAVE_PTHREAD_H 1
#define HAVE__BOOL 1
#define HAVE_STDBOOL_H 1
#define TIME_WITH_SYS_TIME 1
#define HAVE_FORK 1
#define HAVE_VFORK 1
#define HAVE_WORKING_VFORK 1
#define HAVE_WORKING_FORK 1
#define HAVE_STDLIB_H 1
#define HAVE_MALLOC 1
#define HAVE_STDLIB_H 1
#define HAVE_REALLOC 1
#define HAVE_SYS_SELECT_H 1
#define HAVE_SYS_SOCKET_H 1
#define SELECT_TYPE_ARG1 int
#define SELECT_TYPE_ARG234 (fd_set *)
#define SELECT_TYPE_ARG5 (struct timeval *)
#define RETSIGTYPE void
#define HAVE_VPRINTF 1
#define HAVE_DUP2 1
#define HAVE_GETHOSTBYNAME 1
#define HAVE_GETTIMEOFDAY 1
#define HAVE_MEMMOVE 1
#define HAVE_MEMSET 1
#define HAVE_SELECT 1
#define HAVE_SOCKET 1
#define HAVE_STRCASECMP 1
#define HAVE_STRCHR 1
#define HAVE_STRERROR 1
#define HAVE_STRNCASECMP 1
#define HAVE_STRSTR 1
#define HAVE_STRTOL 1
#define HAVE_LOGF 1
#define HAVE_PREAD 1
#define HAVE_LOCK_EX 1
#define HAVE_F_SETLKW 1
#define USE_MMSEG 1
#define USE_64BIT 0
#define USE_LIBSTEMMER 0
#define USE_LIBEXPAT 1
#define USE_LIBICONV 1
#define ICONV_INBUF_CONST 0
#define USE_ZLIB 1
#define USE_ODBC 1
#define UNALIGNED_RAM_ACCESS 1

configure: exit 0
